Processing phone numbers (RSHB_Site1.txt 1/3) 0.01
Processing phone numbers (_RSHB_2019_12_16_Navigation.txt 2/3) 0.0
Processing phone numbers (_RSHB_2020_02_06_alfa_direct.txt 3/3) 0.0
Processing times (RSHB_Site1.txt 1/3) 0.0
Processing times (_RSHB_2019_12_16_Navigation.txt 2/3) 0.0
Processing times (_RSHB_2020_02_06_alfa_direct.txt 3/3) 0.007
Processing dates (RSHB_Site1.txt 1/3) 0.064
Processing dates (_RSHB_2019_12_16_Navigation.txt 2/3) 0.058
Processing dates (_RSHB_2020_02_06_alfa_direct.txt 3/3) 0.048
Processing moneys (RSHB_Site1.txt 1/3) 0.0
Processing moneys (_RSHB_2019_12_16_Navigation.txt 2/3) 0.0
Processing moneys (_RSHB_2020_02_06_alfa_direct.txt 3/3) 0.0
Processing fractions (RSHB_Site1.txt 1/3) 0.0
Processing fractions (_RSHB_2019_12_16_Navigation.txt 2/3) 0.0
Processing fractions (_RSHB_2020_02_06_alfa_direct.txt 3/3) 0.0
Processing numbers (RSHB_Site1.txt 1/3) 0.0
Processing numbers (_RSHB_2019_12_16_Navigation.txt 2/3) 0.01
Processing numbers (_RSHB_2020_02_06_alfa_direct.txt 3/3) 0.0
Deleting links (RSHB_Site1.txt 1/3) 0.0
Deleting links (_RSHB_2019_12_16_Navigation.txt 2/3) 0.019
Deleting links (_RSHB_2020_02_06_alfa_direct.txt 3/3) 0.0
Deleting whitespace dictionary words (RSHB_Site1.txt 1/3) 0.0
Deleting whitespace dictionary words (_RSHB_2019_12_16_Navigation.txt 2/3) 0.03
Deleting whitespace dictionary words (_RSHB_2020_02_06_alfa_direct.txt 3/3) 0.02
Deleting single dictionary words (RSHB_Site1.txt 1/3) 0.0
Deleting single dictionary words (_RSHB_2019_12_16_Navigation.txt 2/3) 0.01
Deleting single dictionary words (_RSHB_2020_02_06_alfa_direct.txt 3/3) 0.0
Processing punctuation marks (RSHB_Site1.txt 1/3) 0.01
Processing punctuation marks (_RSHB_2019_12_16_Navigation.txt 2/3) 0.0
Processing punctuation marks (_RSHB_2020_02_06_alfa_direct.txt 3/3) 0.01
Processing days of the week (RSHB_Site1.txt 1/3) 0.0
Processing days of the week (_RSHB_2019_12_16_Navigation.txt 2/3) 0.02
Processing days of the week (_RSHB_2020_02_06_alfa_direct.txt 3/3) 0.01
Deleting initials (RSHB_Site1.txt 1/3) 0.0
Deleting initials (_RSHB_2019_12_16_Navigation.txt 2/3) 0.0
Deleting initials (_RSHB_2020_02_06_alfa_direct.txt 3/3) 0.01
Searching abbreviations (RSHB_Site1.txt 1/3) 0.0
Searching abbreviations (_RSHB_2019_12_16_Navigation.txt 2/3) 0.01
Searching abbreviations (_RSHB_2020_02_06_alfa_direct.txt 3/3) 0.0
Separating camel case words (RSHB_Site1.txt 1/3) 0.0
Separating camel case words (_RSHB_2019_12_16_Navigation.txt 2/3) 0.02
Separating camel case words (_RSHB_2020_02_06_alfa_direct.txt 3/3) 0.02
Splitting files into sentences (RSHB_Site1.txt 1/3) 0.0
Splitting files into sentences (_RSHB_2019_12_16_Navigation.txt 2/3) 0.04
Splitting files into sentences (_RSHB_2020_02_06_alfa_direct.txt 3/3) 0.01
Deleting extra spaces (RSHB_Site1.txt 1/3) 0.0
Deleting extra spaces (_RSHB_2019_12_16_Navigation.txt 2/3) 0.01
Deleting extra spaces (_RSHB_2020_02_06_alfa_direct.txt 3/3) 0.0
Searching english text  (RSHB_Site1.txt 1/3) 0.0
Searching english text  (_RSHB_2019_12_16_Navigation.txt 2/3) 0.0
Searching english text  (_RSHB_2020_02_06_alfa_direct.txt 3/3) 0.01
Processing acronyms (RSHB_Site1.txt 1/3) 0.0
Processing acronyms (_RSHB_2019_12_16_Navigation.txt 2/3) 0.02
Processing acronyms (_RSHB_2020_02_06_alfa_direct.txt 3/3) 0.0
Creating a file with replacements (RSHB_Site1.txt 1/3) 0.01
Creating a file with replacements (_RSHB_2019_12_16_Navigation.txt 2/3) 0.0
Creating a file with replacements (_RSHB_2020_02_06_alfa_direct.txt 3/3) 0.0
Creating processed files (RSHB_Site1.txt 1/3) 0.0
Creating processed files (_RSHB_2019_12_16_Navigation.txt 2/3) 0.0
Creating processed files (_RSHB_2020_02_06_alfa_direct.txt 3/3) 0.0
Processing phone numbers (RSHB_Site1.txt 1/3) 0.01
Processing phone numbers (_RSHB_2019_12_16_Navigation.txt 2/3) 0.0
Processing phone numbers (_RSHB_2020_02_06_alfa_direct.txt 3/3) 0.0
Processing times (RSHB_Site1.txt 1/3) 0.0
Processing times (_RSHB_2019_12_16_Navigation.txt 2/3) 0.0
Processing times (_RSHB_2020_02_06_alfa_direct.txt 3/3) 0.0
Processing dates (RSHB_Site1.txt 1/3) 0.05
Processing dates (_RSHB_2019_12_16_Navigation.txt 2/3) 0.051
Processing dates (_RSHB_2020_02_06_alfa_direct.txt 3/3) 0.04
Processing moneys (RSHB_Site1.txt 1/3) 0.0
Processing moneys (_RSHB_2019_12_16_Navigation.txt 2/3) 0.01
Processing moneys (_RSHB_2020_02_06_alfa_direct.txt 3/3) 0.0
Processing fractions (RSHB_Site1.txt 1/3) 0.0
Processing fractions (_RSHB_2019_12_16_Navigation.txt 2/3) 0.0
Processing fractions (_RSHB_2020_02_06_alfa_direct.txt 3/3) 0.0
Processing numbers (RSHB_Site1.txt 1/3) 0.009
Processing numbers (_RSHB_2019_12_16_Navigation.txt 2/3) 0.0
Processing numbers (_RSHB_2020_02_06_alfa_direct.txt 3/3) 0.0
Deleting links (RSHB_Site1.txt 1/3) 0.0
Deleting links (_RSHB_2019_12_16_Navigation.txt 2/3) 0.01
Deleting links (_RSHB_2020_02_06_alfa_direct.txt 3/3) 0.01
Deleting whitespace dictionary words (RSHB_Site1.txt 1/3) 0.0
Deleting whitespace dictionary words (_RSHB_2019_12_16_Navigation.txt 2/3) 0.026
Deleting whitespace dictionary words (_RSHB_2020_02_06_alfa_direct.txt 3/3) 0.02
Deleting single dictionary words (RSHB_Site1.txt 1/3) 0.0
Deleting single dictionary words (_RSHB_2019_12_16_Navigation.txt 2/3) 0.01
Deleting single dictionary words (_RSHB_2020_02_06_alfa_direct.txt 3/3) 0.0
Processing punctuation marks (RSHB_Site1.txt 1/3) 0.0
Processing punctuation marks (_RSHB_2019_12_16_Navigation.txt 2/3) 0.0
Processing punctuation marks (_RSHB_2020_02_06_alfa_direct.txt 3/3) 0.0
Processing days of the week (RSHB_Site1.txt 1/3) 0.01
Processing days of the week (_RSHB_2019_12_16_Navigation.txt 2/3) 0.01
Processing days of the week (_RSHB_2020_02_06_alfa_direct.txt 3/3) 0.01
Deleting initials (RSHB_Site1.txt 1/3) 0.0
Deleting initials (_RSHB_2019_12_16_Navigation.txt 2/3) 0.0
Deleting initials (_RSHB_2020_02_06_alfa_direct.txt 3/3) 0.01
Searching abbreviations (RSHB_Site1.txt 1/3) 0.0
Searching abbreviations (_RSHB_2019_12_16_Navigation.txt 2/3) 0.01
Searching abbreviations (_RSHB_2020_02_06_alfa_direct.txt 3/3) 0.0
Separating camel case words (RSHB_Site1.txt 1/3) 0.0
Separating camel case words (_RSHB_2019_12_16_Navigation.txt 2/3) 0.01
Separating camel case words (_RSHB_2020_02_06_alfa_direct.txt 3/3) 0.02
Splitting files into sentences (RSHB_Site1.txt 1/3) 0.002
Splitting files into sentences (_RSHB_2019_12_16_Navigation.txt 2/3) 0.028
Splitting files into sentences (_RSHB_2020_02_06_alfa_direct.txt 3/3) 0.005
Deleting extra spaces (RSHB_Site1.txt 1/3) 0.001
Deleting extra spaces (_RSHB_2019_12_16_Navigation.txt 2/3) 0.007
Deleting extra spaces (_RSHB_2020_02_06_alfa_direct.txt 3/3) 0.002
Searching english text  (RSHB_Site1.txt 1/3) 0.001
Searching english text  (_RSHB_2019_12_16_Navigation.txt 2/3) 0.003
Searching english text  (_RSHB_2020_02_06_alfa_direct.txt 3/3) 0.001
Processing acronyms (RSHB_Site1.txt 1/3) 0.001
Processing acronyms (_RSHB_2019_12_16_Navigation.txt 2/3) 0.009
Processing acronyms (_RSHB_2020_02_06_alfa_direct.txt 3/3) 0.002
Creating a file with replacements (RSHB_Site1.txt 1/3) 0.004
Creating a file with replacements (_RSHB_2019_12_16_Navigation.txt 2/3) 0.0
Creating a file with replacements (_RSHB_2020_02_06_alfa_direct.txt 3/3) 0.001
Creating processed files (RSHB_Site1.txt 1/3) 0.002
Creating processed files (_RSHB_2019_12_16_Navigation.txt 2/3) 0.003
Creating processed files (_RSHB_2020_02_06_alfa_direct.txt 3/3) 0.001
Processing phone numbers (RSHB_Site1.txt 1/3) 0.02
Processing phone numbers (_RSHB_2019_12_16_Navigation.txt 2/3) 0.0
Processing phone numbers (_RSHB_2020_02_06_alfa_direct.txt 3/3) 0.0
Processing times (RSHB_Site1.txt 1/3) 0.0
Processing times (_RSHB_2019_12_16_Navigation.txt 2/3) 0.0
Processing times (_RSHB_2020_02_06_alfa_direct.txt 3/3) 0.0
Processing dates (RSHB_Site1.txt 1/3) 0.05
Processing dates (_RSHB_2019_12_16_Navigation.txt 2/3) 0.06
Processing dates (_RSHB_2020_02_06_alfa_direct.txt 3/3) 0.05
Processing moneys (RSHB_Site1.txt 1/3) 0.0
Processing moneys (_RSHB_2019_12_16_Navigation.txt 2/3) 0.01
Processing moneys (_RSHB_2020_02_06_alfa_direct.txt 3/3) 0.0
Processing fractions (RSHB_Site1.txt 1/3) 0.0
Processing fractions (_RSHB_2019_12_16_Navigation.txt 2/3) 0.0
Processing fractions (_RSHB_2020_02_06_alfa_direct.txt 3/3) 0.0
Processing numbers (RSHB_Site1.txt 1/3) 0.01
Processing numbers (_RSHB_2019_12_16_Navigation.txt 2/3) 0.0
Processing numbers (_RSHB_2020_02_06_alfa_direct.txt 3/3) 0.0
Deleting links (RSHB_Site1.txt 1/3) 0.01
Deleting links (_RSHB_2019_12_16_Navigation.txt 2/3) 0.01
Deleting links (_RSHB_2020_02_06_alfa_direct.txt 3/3) 0.0
Deleting whitespace dictionary words (RSHB_Site1.txt 1/3) 0.0
Deleting whitespace dictionary words (_RSHB_2019_12_16_Navigation.txt 2/3) 0.02
Deleting whitespace dictionary words (_RSHB_2020_02_06_alfa_direct.txt 3/3) 0.02
Deleting single dictionary words (RSHB_Site1.txt 1/3) 0.01
Deleting single dictionary words (_RSHB_2019_12_16_Navigation.txt 2/3) 0.01
Deleting single dictionary words (_RSHB_2020_02_06_alfa_direct.txt 3/3) 0.0
Processing punctuation marks (RSHB_Site1.txt 1/3) 0.0
Processing punctuation marks (_RSHB_2019_12_16_Navigation.txt 2/3) 0.01
Processing punctuation marks (_RSHB_2020_02_06_alfa_direct.txt 3/3) 0.0
Processing days of the week (RSHB_Site1.txt 1/3) 0.0
Processing days of the week (_RSHB_2019_12_16_Navigation.txt 2/3) 0.01
Processing days of the week (_RSHB_2020_02_06_alfa_direct.txt 3/3) 0.01
Deleting initials (RSHB_Site1.txt 1/3) 0.0
Deleting initials (_RSHB_2019_12_16_Navigation.txt 2/3) 0.0
Deleting initials (_RSHB_2020_02_06_alfa_direct.txt 3/3) 0.01
Searching abbreviations (RSHB_Site1.txt 1/3) 0.0
Searching abbreviations (_RSHB_2019_12_16_Navigation.txt 2/3) 0.0
Searching abbreviations (_RSHB_2020_02_06_alfa_direct.txt 3/3) 0.0
Separating camel case words (RSHB_Site1.txt 1/3) 0.0
Separating camel case words (_RSHB_2019_12_16_Navigation.txt 2/3) 0.01
Separating camel case words (_RSHB_2020_02_06_alfa_direct.txt 3/3) 0.02
Splitting files into sentences (RSHB_Site1.txt 1/3) 0.0
Splitting files into sentences (_RSHB_2019_12_16_Navigation.txt 2/3) 0.031
Splitting files into sentences (_RSHB_2020_02_06_alfa_direct.txt 3/3) 0.01
Deleting extra spaces (RSHB_Site1.txt 1/3) 0.0
Deleting extra spaces (_RSHB_2019_12_16_Navigation.txt 2/3) 0.01
Deleting extra spaces (_RSHB_2020_02_06_alfa_direct.txt 3/3) 0.0
Searching english text  (RSHB_Site1.txt 1/3) 0.0
Searching english text  (_RSHB_2019_12_16_Navigation.txt 2/3) 0.0
Searching english text  (_RSHB_2020_02_06_alfa_direct.txt 3/3) 0.0
Processing acronyms (RSHB_Site1.txt 1/3) 0.0
Processing acronyms (_RSHB_2019_12_16_Navigation.txt 2/3) 0.01
Processing acronyms (_RSHB_2020_02_06_alfa_direct.txt 3/3) 0.01
Creating a file with replacements (RSHB_Site1.txt 1/3) 0.0
Creating a file with replacements (_RSHB_2019_12_16_Navigation.txt 2/3) 0.0
Creating a file with replacements (_RSHB_2020_02_06_alfa_direct.txt 3/3) 0.0
Creating processed files (RSHB_Site1.txt 1/3) 0.0
Creating processed files (_RSHB_2019_12_16_Navigation.txt 2/3) 0.0
Creating processed files (_RSHB_2020_02_06_alfa_direct.txt 3/3) 0.0
Processing phone numbers (RSHB_Site1.txt 1/3) 0.02
Processing phone numbers (_RSHB_2019_12_16_Navigation.txt 2/3) 0.0
Processing phone numbers (_RSHB_2020_02_06_alfa_direct.txt 3/3) 0.01
Processing times (RSHB_Site1.txt 1/3) 0.0
Processing times (_RSHB_2019_12_16_Navigation.txt 2/3) 0.0
Processing times (_RSHB_2020_02_06_alfa_direct.txt 3/3) 0.0
Processing dates (RSHB_Site1.txt 1/3) 0.05
Processing dates (_RSHB_2019_12_16_Navigation.txt 2/3) 0.06
Processing dates (_RSHB_2020_02_06_alfa_direct.txt 3/3) 0.06
Processing moneys (RSHB_Site1.txt 1/3) 0.0
Processing moneys (_RSHB_2019_12_16_Navigation.txt 2/3) 0.01
Processing moneys (_RSHB_2020_02_06_alfa_direct.txt 3/3) 0.0
Processing fractions (RSHB_Site1.txt 1/3) 0.0
Processing fractions (_RSHB_2019_12_16_Navigation.txt 2/3) 0.0
Processing fractions (_RSHB_2020_02_06_alfa_direct.txt 3/3) 0.0
Deleting links (RSHB_Site1.txt 1/3) 0.0
Deleting links (_RSHB_2019_12_16_Navigation.txt 2/3) 0.02
Deleting links (_RSHB_2020_02_06_alfa_direct.txt 3/3) 0.01
Deleting whitespace dictionary words (RSHB_Site1.txt 1/3) 0.0
Deleting whitespace dictionary words (_RSHB_2019_12_16_Navigation.txt 2/3) 0.03
Deleting whitespace dictionary words (_RSHB_2020_02_06_alfa_direct.txt 3/3) 0.02
Deleting single dictionary words (RSHB_Site1.txt 1/3) 0.0
Deleting single dictionary words (_RSHB_2019_12_16_Navigation.txt 2/3) 0.02
Deleting single dictionary words (_RSHB_2020_02_06_alfa_direct.txt 3/3) 0.0
Processing numbers (RSHB_Site1.txt 1/3) 0.01
Processing numbers (_RSHB_2019_12_16_Navigation.txt 2/3) 0.0
Processing numbers (_RSHB_2020_02_06_alfa_direct.txt 3/3) 0.0
Processing punctuation marks (RSHB_Site1.txt 1/3) 0.0
Processing punctuation marks (_RSHB_2019_12_16_Navigation.txt 2/3) 0.01
Processing punctuation marks (_RSHB_2020_02_06_alfa_direct.txt 3/3) 0.01
Processing days of the week (RSHB_Site1.txt 1/3) 0.0
Processing days of the week (_RSHB_2019_12_16_Navigation.txt 2/3) 0.01
Processing days of the week (_RSHB_2020_02_06_alfa_direct.txt 3/3) 0.01
Deleting initials (RSHB_Site1.txt 1/3) 0.0
Deleting initials (_RSHB_2019_12_16_Navigation.txt 2/3) 0.0
Deleting initials (_RSHB_2020_02_06_alfa_direct.txt 3/3) 0.0
Searching abbreviations (RSHB_Site1.txt 1/3) 0.0
Searching abbreviations (_RSHB_2019_12_16_Navigation.txt 2/3) 0.016
Searching abbreviations (_RSHB_2020_02_06_alfa_direct.txt 3/3) 0.0
Separating camel case words (RSHB_Site1.txt 1/3) 0.01
Separating camel case words (_RSHB_2019_12_16_Navigation.txt 2/3) 0.01
Separating camel case words (_RSHB_2020_02_06_alfa_direct.txt 3/3) 0.02
Splitting files into sentences (RSHB_Site1.txt 1/3) 0.01
Splitting files into sentences (_RSHB_2019_12_16_Navigation.txt 2/3) 0.03
Splitting files into sentences (_RSHB_2020_02_06_alfa_direct.txt 3/3) 0.0
Deleting extra spaces (RSHB_Site1.txt 1/3) 0.0
Deleting extra spaces (_RSHB_2019_12_16_Navigation.txt 2/3) 0.01
Deleting extra spaces (_RSHB_2020_02_06_alfa_direct.txt 3/3) 0.0
Searching english text  (RSHB_Site1.txt 1/3) 0.0
Searching english text  (_RSHB_2019_12_16_Navigation.txt 2/3) 0.01
Searching english text  (_RSHB_2020_02_06_alfa_direct.txt 3/3) 0.0
Processing acronyms (RSHB_Site1.txt 1/3) 0.0
Processing acronyms (_RSHB_2019_12_16_Navigation.txt 2/3) 0.01
Processing acronyms (_RSHB_2020_02_06_alfa_direct.txt 3/3) 0.01
Creating a file with replacements (RSHB_Site1.txt 1/3) 0.0
Creating a file with replacements (_RSHB_2019_12_16_Navigation.txt 2/3) 0.0
Creating a file with replacements (_RSHB_2020_02_06_alfa_direct.txt 3/3) 0.01
Creating processed files (RSHB_Site1.txt 1/3) 0.0
Creating processed files (_RSHB_2019_12_16_Navigation.txt 2/3) 0.0
Creating processed files (_RSHB_2020_02_06_alfa_direct.txt 3/3) 0.0
Processing phone numbers (RSHB_Site1.txt 1/4) 0.02
Processing phone numbers (_RSHB_2019_11_11_Products_Deposits.txt 2/4) 0.01
Processing phone numbers (_RSHB_2019_12_16_Navigation.txt 3/4) 0.0
Processing phone numbers (_RSHB_2020_02_06_alfa_direct.txt 4/4) 0.0
Processing times (RSHB_Site1.txt 1/4) 0.0
Processing times (_RSHB_2019_11_11_Products_Deposits.txt 2/4) 0.0
Processing times (_RSHB_2019_12_16_Navigation.txt 3/4) 0.0
Processing times (_RSHB_2020_02_06_alfa_direct.txt 4/4) 0.0
Processing dates (RSHB_Site1.txt 1/4) 0.05
Processing dates (_RSHB_2019_11_11_Products_Deposits.txt 2/4) 0.01
Processing dates (_RSHB_2019_12_16_Navigation.txt 3/4) 0.05
Processing dates (_RSHB_2020_02_06_alfa_direct.txt 4/4) 0.05
Processing moneys (RSHB_Site1.txt 1/4) 0.0
Processing moneys (_RSHB_2019_11_11_Products_Deposits.txt 2/4) 0.0
Processing moneys (_RSHB_2019_12_16_Navigation.txt 3/4) 0.01
Processing moneys (_RSHB_2020_02_06_alfa_direct.txt 4/4) 0.0
Processing fractions (RSHB_Site1.txt 1/4) 0.0
Processing fractions (_RSHB_2019_11_11_Products_Deposits.txt 2/4) 0.01
Processing fractions (_RSHB_2019_12_16_Navigation.txt 3/4) 0.0
Processing fractions (_RSHB_2020_02_06_alfa_direct.txt 4/4) 0.0
Deleting links (RSHB_Site1.txt 1/4) 0.01
Deleting links (_RSHB_2019_11_11_Products_Deposits.txt 2/4) 0.0
Deleting links (_RSHB_2019_12_16_Navigation.txt 3/4) 0.01
Deleting links (_RSHB_2020_02_06_alfa_direct.txt 4/4) 0.0
Deleting whitespace dictionary words (RSHB_Site1.txt 1/4) 0.0
Deleting whitespace dictionary words (_RSHB_2019_11_11_Products_Deposits.txt 2/4) 0.0
Deleting whitespace dictionary words (_RSHB_2019_12_16_Navigation.txt 3/4) 0.03
Deleting whitespace dictionary words (_RSHB_2020_02_06_alfa_direct.txt 4/4) 0.02
Deleting single dictionary words (RSHB_Site1.txt 1/4) 0.0
Deleting single dictionary words (_RSHB_2019_11_11_Products_Deposits.txt 2/4) 0.0
Deleting single dictionary words (_RSHB_2019_12_16_Navigation.txt 3/4) 0.01
Deleting single dictionary words (_RSHB_2020_02_06_alfa_direct.txt 4/4) 0.01
Processing numbers (RSHB_Site1.txt 1/4) 0.0
Processing numbers (_RSHB_2019_11_11_Products_Deposits.txt 2/4) 0.0
Processing numbers (_RSHB_2019_12_16_Navigation.txt 3/4) 0.0
Processing numbers (_RSHB_2020_02_06_alfa_direct.txt 4/4) 0.0
Processing punctuation marks (RSHB_Site1.txt 1/4) 0.0
Processing punctuation marks (_RSHB_2019_11_11_Products_Deposits.txt 2/4) 0.0
Processing punctuation marks (_RSHB_2019_12_16_Navigation.txt 3/4) 0.0
Processing punctuation marks (_RSHB_2020_02_06_alfa_direct.txt 4/4) 0.0
Processing days of the week (RSHB_Site1.txt 1/4) 0.0
Processing days of the week (_RSHB_2019_11_11_Products_Deposits.txt 2/4) 0.0
Processing days of the week (_RSHB_2019_12_16_Navigation.txt 3/4) 0.02
Processing days of the week (_RSHB_2020_02_06_alfa_direct.txt 4/4) 0.0
Deleting initials (RSHB_Site1.txt 1/4) 0.0
Deleting initials (_RSHB_2019_11_11_Products_Deposits.txt 2/4) 0.0
Deleting initials (_RSHB_2019_12_16_Navigation.txt 3/4) 0.004
Deleting initials (_RSHB_2020_02_06_alfa_direct.txt 4/4) 0.0
Searching abbreviations (RSHB_Site1.txt 1/4) 0.0
Searching abbreviations (_RSHB_2019_11_11_Products_Deposits.txt 2/4) 0.0
Searching abbreviations (_RSHB_2019_12_16_Navigation.txt 3/4) 0.01
Searching abbreviations (_RSHB_2020_02_06_alfa_direct.txt 4/4) 0.0
Separating camel case words (RSHB_Site1.txt 1/4) 0.0
Separating camel case words (_RSHB_2019_11_11_Products_Deposits.txt 2/4) 0.0
Separating camel case words (_RSHB_2019_12_16_Navigation.txt 3/4) 0.01
Separating camel case words (_RSHB_2020_02_06_alfa_direct.txt 4/4) 0.0
Splitting files into sentences (RSHB_Site1.txt 1/4) 0.01
Splitting files into sentences (_RSHB_2019_11_11_Products_Deposits.txt 2/4) 0.0
Splitting files into sentences (_RSHB_2019_12_16_Navigation.txt 3/4) 0.05
Splitting files into sentences (_RSHB_2020_02_06_alfa_direct.txt 4/4) 0.01
Deleting extra spaces (RSHB_Site1.txt 1/4) 0.0
Deleting extra spaces (_RSHB_2019_11_11_Products_Deposits.txt 2/4) 0.0
Deleting extra spaces (_RSHB_2019_12_16_Navigation.txt 3/4) 0.01
Deleting extra spaces (_RSHB_2020_02_06_alfa_direct.txt 4/4) 0.0
Searching english text  (RSHB_Site1.txt 1/4) 0.0
Searching english text  (_RSHB_2019_11_11_Products_Deposits.txt 2/4) 0.0
Searching english text  (_RSHB_2019_12_16_Navigation.txt 3/4) 0.01
Searching english text  (_RSHB_2020_02_06_alfa_direct.txt 4/4) 0.0
Processing acronyms (RSHB_Site1.txt 1/4) 0.0
Processing acronyms (_RSHB_2019_11_11_Products_Deposits.txt 2/4) 0.0
Processing acronyms (_RSHB_2019_12_16_Navigation.txt 3/4) 0.0
Processing acronyms (_RSHB_2020_02_06_alfa_direct.txt 4/4) 0.0
Creating a file with replacements (RSHB_Site1.txt 1/4) 0.01
Creating a file with replacements (_RSHB_2019_11_11_Products_Deposits.txt 2/4) 0.0
Creating a file with replacements (_RSHB_2019_12_16_Navigation.txt 3/4) 0.0
Creating a file with replacements (_RSHB_2020_02_06_alfa_direct.txt 4/4) 0.0
Creating processed files (RSHB_Site1.txt 1/4) 0.001
Creating processed files (_RSHB_2019_11_11_Products_Deposits.txt 2/4) 0.001
Creating processed files (_RSHB_2019_12_16_Navigation.txt 3/4) 0.002
Creating processed files (_RSHB_2020_02_06_alfa_direct.txt 4/4) 0.001
Processing phone numbers (RSHB_Site1.txt 1/4) 0.01
Processing phone numbers (_RSHB_2019_11_11_Products_Deposits.txt 2/4) 0.0
Processing phone numbers (_RSHB_2019_12_16_Navigation.txt 3/4) 0.0
Processing phone numbers (_RSHB_2020_02_06_alfa_direct.txt 4/4) 0.0
Processing times (RSHB_Site1.txt 1/4) 0.0
Processing times (_RSHB_2019_11_11_Products_Deposits.txt 2/4) 0.0
Processing times (_RSHB_2019_12_16_Navigation.txt 3/4) 0.008
Processing times (_RSHB_2020_02_06_alfa_direct.txt 4/4) 0.002
Processing dates (RSHB_Site1.txt 1/4) 0.042
Processing dates (_RSHB_2019_11_11_Products_Deposits.txt 2/4) 0.01
Processing dates (_RSHB_2019_12_16_Navigation.txt 3/4) 0.053
Processing dates (_RSHB_2020_02_06_alfa_direct.txt 4/4) 0.057
Processing moneys (RSHB_Site1.txt 1/4) 0.0
Processing moneys (_RSHB_2019_11_11_Products_Deposits.txt 2/4) 0.0
Processing moneys (_RSHB_2019_12_16_Navigation.txt 3/4) 0.0
Processing moneys (_RSHB_2020_02_06_alfa_direct.txt 4/4) 0.0
Processing fractions (RSHB_Site1.txt 1/4) 0.0
Processing fractions (_RSHB_2019_11_11_Products_Deposits.txt 2/4) 0.0
Processing fractions (_RSHB_2019_12_16_Navigation.txt 3/4) 0.0
Processing fractions (_RSHB_2020_02_06_alfa_direct.txt 4/4) 0.0
Deleting links (RSHB_Site1.txt 1/4) 0.01
Deleting links (_RSHB_2019_11_11_Products_Deposits.txt 2/4) 0.0
Deleting links (_RSHB_2019_12_16_Navigation.txt 3/4) 0.02
Deleting links (_RSHB_2020_02_06_alfa_direct.txt 4/4) 0.01
Deleting whitespace dictionary words (RSHB_Site1.txt 1/4) 0.0
Deleting whitespace dictionary words (_RSHB_2019_11_11_Products_Deposits.txt 2/4) 0.0
Deleting whitespace dictionary words (_RSHB_2019_12_16_Navigation.txt 3/4) 0.03
Deleting whitespace dictionary words (_RSHB_2020_02_06_alfa_direct.txt 4/4) 0.022
Deleting single dictionary words (RSHB_Site1.txt 1/4) 0.0
Deleting single dictionary words (_RSHB_2019_11_11_Products_Deposits.txt 2/4) 0.0
Deleting single dictionary words (_RSHB_2019_12_16_Navigation.txt 3/4) 0.01
Deleting single dictionary words (_RSHB_2020_02_06_alfa_direct.txt 4/4) 0.01
Processing numbers (RSHB_Site1.txt 1/4) 0.0
Processing numbers (_RSHB_2019_11_11_Products_Deposits.txt 2/4) 0.0
Processing numbers (_RSHB_2019_12_16_Navigation.txt 3/4) 0.0
Processing numbers (_RSHB_2020_02_06_alfa_direct.txt 4/4) 0.0
Processing punctuation marks (RSHB_Site1.txt 1/4) 0.0
Processing punctuation marks (_RSHB_2019_11_11_Products_Deposits.txt 2/4) 0.0
Processing punctuation marks (_RSHB_2019_12_16_Navigation.txt 3/4) 0.01
Processing punctuation marks (_RSHB_2020_02_06_alfa_direct.txt 4/4) 0.01
Processing days of the week (RSHB_Site1.txt 1/4) 0.0
Processing days of the week (_RSHB_2019_11_11_Products_Deposits.txt 2/4) 0.0
Processing days of the week (_RSHB_2019_12_16_Navigation.txt 3/4) 0.011
Processing days of the week (_RSHB_2020_02_06_alfa_direct.txt 4/4) 0.01
Deleting initials (RSHB_Site1.txt 1/4) 0.0
Deleting initials (_RSHB_2019_11_11_Products_Deposits.txt 2/4) 0.0
Deleting initials (_RSHB_2019_12_16_Navigation.txt 3/4) 0.01
Deleting initials (_RSHB_2020_02_06_alfa_direct.txt 4/4) 0.0
Searching abbreviations (RSHB_Site1.txt 1/4) 0.0
Searching abbreviations (_RSHB_2019_11_11_Products_Deposits.txt 2/4) 0.0
Searching abbreviations (_RSHB_2019_12_16_Navigation.txt 3/4) 0.01
Searching abbreviations (_RSHB_2020_02_06_alfa_direct.txt 4/4) 0.01
Separating camel case words (RSHB_Site1.txt 1/4) 0.0
Separating camel case words (_RSHB_2019_11_11_Products_Deposits.txt 2/4) 0.0
Separating camel case words (_RSHB_2019_12_16_Navigation.txt 3/4) 0.02
Separating camel case words (_RSHB_2020_02_06_alfa_direct.txt 4/4) 0.01
Splitting files into sentences (RSHB_Site1.txt 1/4) 0.0
Splitting files into sentences (_RSHB_2019_11_11_Products_Deposits.txt 2/4) 0.0
Splitting files into sentences (_RSHB_2019_12_16_Navigation.txt 3/4) 0.03
Splitting files into sentences (_RSHB_2020_02_06_alfa_direct.txt 4/4) 0.0
Deleting extra spaces (RSHB_Site1.txt 1/4) 0.0
Deleting extra spaces (_RSHB_2019_11_11_Products_Deposits.txt 2/4) 0.0
Deleting extra spaces (_RSHB_2019_12_16_Navigation.txt 3/4) 0.01
Deleting extra spaces (_RSHB_2020_02_06_alfa_direct.txt 4/4) 0.0
Searching english text  (RSHB_Site1.txt 1/4) 0.0
Searching english text  (_RSHB_2019_11_11_Products_Deposits.txt 2/4) 0.0
Searching english text  (_RSHB_2019_12_16_Navigation.txt 3/4) 0.0
Searching english text  (_RSHB_2020_02_06_alfa_direct.txt 4/4) 0.01
Processing acronyms (RSHB_Site1.txt 1/4) 0.0
Processing acronyms (_RSHB_2019_11_11_Products_Deposits.txt 2/4) 0.0
Processing acronyms (_RSHB_2019_12_16_Navigation.txt 3/4) 0.01
Processing acronyms (_RSHB_2020_02_06_alfa_direct.txt 4/4) 0.0
Creating a file with replacements (RSHB_Site1.txt 1/4) 0.0
Creating a file with replacements (_RSHB_2019_11_11_Products_Deposits.txt 2/4) 0.0
Creating a file with replacements (_RSHB_2019_12_16_Navigation.txt 3/4) 0.0
Creating a file with replacements (_RSHB_2020_02_06_alfa_direct.txt 4/4) 0.0
Creating processed files (RSHB_Site1.txt 1/4) 0.0
Creating processed files (_RSHB_2019_11_11_Products_Deposits.txt 2/4) 0.0
Creating processed files (_RSHB_2019_12_16_Navigation.txt 3/4) 0.01
Creating processed files (_RSHB_2020_02_06_alfa_direct.txt 4/4) 0.0
Processing phone numbers (RSHB_Site1.txt 1/4) 0.03
Processing phone numbers (_RSHB_2019_11_11_Products_Deposits.txt 2/4) 0.0
Processing phone numbers (_RSHB_2019_12_16_Navigation.txt 3/4) 0.0
Processing phone numbers (_RSHB_2020_02_06_alfa_direct.txt 4/4) 0.0
Processing times (RSHB_Site1.txt 1/4) 0.0
Processing times (_RSHB_2019_11_11_Products_Deposits.txt 2/4) 0.0
Processing times (_RSHB_2019_12_16_Navigation.txt 3/4) 0.0
Processing times (_RSHB_2020_02_06_alfa_direct.txt 4/4) 0.0
Processing dates (RSHB_Site1.txt 1/4) 0.067
Processing dates (_RSHB_2019_11_11_Products_Deposits.txt 2/4) 0.006
Processing dates (_RSHB_2019_12_16_Navigation.txt 3/4) 0.054
Processing dates (_RSHB_2020_02_06_alfa_direct.txt 4/4) 0.04
Processing moneys (RSHB_Site1.txt 1/4) 0.001
Processing moneys (_RSHB_2019_11_11_Products_Deposits.txt 2/4) 0.0
Processing moneys (_RSHB_2019_12_16_Navigation.txt 3/4) 0.001
Processing moneys (_RSHB_2020_02_06_alfa_direct.txt 4/4) 0.0
Processing fractions (RSHB_Site1.txt 1/4) 0.001
Processing fractions (_RSHB_2019_11_11_Products_Deposits.txt 2/4) 0.0
Processing fractions (_RSHB_2019_12_16_Navigation.txt 3/4) 0.002
Processing fractions (_RSHB_2020_02_06_alfa_direct.txt 4/4) 0.002
Deleting links (RSHB_Site1.txt 1/4) 0.003
Deleting links (_RSHB_2019_11_11_Products_Deposits.txt 2/4) 0.001
Deleting links (_RSHB_2019_12_16_Navigation.txt 3/4) 0.011
Deleting links (_RSHB_2020_02_06_alfa_direct.txt 4/4) 0.004
Deleting whitespace dictionary words (RSHB_Site1.txt 1/4) 0.005
Deleting whitespace dictionary words (_RSHB_2019_11_11_Products_Deposits.txt 2/4) 0.001
Deleting whitespace dictionary words (_RSHB_2019_12_16_Navigation.txt 3/4) 0.02
Deleting whitespace dictionary words (_RSHB_2020_02_06_alfa_direct.txt 4/4) 0.016
Deleting single dictionary words (RSHB_Site1.txt 1/4) 0.002
Deleting single dictionary words (_RSHB_2019_11_11_Products_Deposits.txt 2/4) 0.001
Deleting single dictionary words (_RSHB_2019_12_16_Navigation.txt 3/4) 0.011
Deleting single dictionary words (_RSHB_2020_02_06_alfa_direct.txt 4/4) 0.003
Processing numbers (RSHB_Site1.txt 1/4) 0.001
Processing numbers (_RSHB_2019_11_11_Products_Deposits.txt 2/4) 0.001
Processing numbers (_RSHB_2019_12_16_Navigation.txt 3/4) 0.0
Processing numbers (_RSHB_2020_02_06_alfa_direct.txt 4/4) 0.0
Processing punctuation marks (RSHB_Site1.txt 1/4) 0.0
Processing punctuation marks (_RSHB_2019_11_11_Products_Deposits.txt 2/4) 0.0
Processing punctuation marks (_RSHB_2019_12_16_Navigation.txt 3/4) 0.004
Processing punctuation marks (_RSHB_2020_02_06_alfa_direct.txt 4/4) 0.003
Processing days of the week (RSHB_Site1.txt 1/4) 0.003
Processing days of the week (_RSHB_2019_11_11_Products_Deposits.txt 2/4) 0.001
Processing days of the week (_RSHB_2019_12_16_Navigation.txt 3/4) 0.009
Processing days of the week (_RSHB_2020_02_06_alfa_direct.txt 4/4) 0.005
Deleting initials (RSHB_Site1.txt 1/4) 0.0
Deleting initials (_RSHB_2019_11_11_Products_Deposits.txt 2/4) 0.0
Deleting initials (_RSHB_2019_12_16_Navigation.txt 3/4) 0.004
Deleting initials (_RSHB_2020_02_06_alfa_direct.txt 4/4) 0.003
Searching abbreviations (RSHB_Site1.txt 1/4) 0.001
Searching abbreviations (_RSHB_2019_11_11_Products_Deposits.txt 2/4) 0.0
Searching abbreviations (_RSHB_2019_12_16_Navigation.txt 3/4) 0.008
Searching abbreviations (_RSHB_2020_02_06_alfa_direct.txt 4/4) 0.001
Separating camel case words (RSHB_Site1.txt 1/4) 0.003
Separating camel case words (_RSHB_2019_11_11_Products_Deposits.txt 2/4) 0.001
Separating camel case words (_RSHB_2019_12_16_Navigation.txt 3/4) 0.011
Separating camel case words (_RSHB_2020_02_06_alfa_direct.txt 4/4) 0.017
Splitting files into sentences (RSHB_Site1.txt 1/4) 0.0
Splitting files into sentences (_RSHB_2019_11_11_Products_Deposits.txt 2/4) 0.0
Splitting files into sentences (_RSHB_2019_12_16_Navigation.txt 3/4) 0.03
Splitting files into sentences (_RSHB_2020_02_06_alfa_direct.txt 4/4) 0.01
Deleting extra spaces (RSHB_Site1.txt 1/4) 0.0
Deleting extra spaces (_RSHB_2019_11_11_Products_Deposits.txt 2/4) 0.0
Deleting extra spaces (_RSHB_2019_12_16_Navigation.txt 3/4) 0.0
Deleting extra spaces (_RSHB_2020_02_06_alfa_direct.txt 4/4) 0.01
Searching english text  (RSHB_Site1.txt 1/4) 0.0
Searching english text  (_RSHB_2019_11_11_Products_Deposits.txt 2/4) 0.0
Searching english text  (_RSHB_2019_12_16_Navigation.txt 3/4) 0.0
Searching english text  (_RSHB_2020_02_06_alfa_direct.txt 4/4) 0.0
Processing acronyms (RSHB_Site1.txt 1/4) 0.0
Processing acronyms (_RSHB_2019_11_11_Products_Deposits.txt 2/4) 0.0
Processing acronyms (_RSHB_2019_12_16_Navigation.txt 3/4) 0.01
Processing acronyms (_RSHB_2020_02_06_alfa_direct.txt 4/4) 0.01
Creating a file with replacements (RSHB_Site1.txt 1/4) 0.0
Creating a file with replacements (_RSHB_2019_11_11_Products_Deposits.txt 2/4) 0.0
Creating a file with replacements (_RSHB_2019_12_16_Navigation.txt 3/4) 0.0
Creating a file with replacements (_RSHB_2020_02_06_alfa_direct.txt 4/4) 0.0
Creating processed files (RSHB_Site1.txt 1/4) 0.0
Creating processed files (_RSHB_2019_11_11_Products_Deposits.txt 2/4) 0.0
Creating processed files (_RSHB_2019_12_16_Navigation.txt 3/4) 0.0
Creating processed files (_RSHB_2020_02_06_alfa_direct.txt 4/4) 0.01
Processing phone numbers (RSHB_Site1.txt 1/4) 0.018
Processing phone numbers (_RSHB_2019_11_11_Products_Deposits.txt 2/4) 0.0
Processing phone numbers (_RSHB_2019_12_16_Navigation.txt 3/4) 0.002
Processing phone numbers (_RSHB_2020_02_06_alfa_direct.txt 4/4) 0.001
Processing times (RSHB_Site1.txt 1/4) 0.001
Processing times (_RSHB_2019_11_11_Products_Deposits.txt 2/4) 0.0
Processing times (_RSHB_2019_12_16_Navigation.txt 3/4) 0.003
Processing times (_RSHB_2020_02_06_alfa_direct.txt 4/4) 0.004
Processing dates (RSHB_Site1.txt 1/4) 0.072
Processing dates (_RSHB_2019_11_11_Products_Deposits.txt 2/4) 0.006
Processing dates (_RSHB_2019_12_16_Navigation.txt 3/4) 0.05
Processing dates (_RSHB_2020_02_06_alfa_direct.txt 4/4) 0.049
Processing moneys (RSHB_Site1.txt 1/4) 0.001
Processing moneys (_RSHB_2019_11_11_Products_Deposits.txt 2/4) 0.0
Processing moneys (_RSHB_2019_12_16_Navigation.txt 3/4) 0.001
Processing moneys (_RSHB_2020_02_06_alfa_direct.txt 4/4) 0.001
Processing fractions (RSHB_Site1.txt 1/4) 0.001
Processing fractions (_RSHB_2019_11_11_Products_Deposits.txt 2/4) 0.0
Processing fractions (_RSHB_2019_12_16_Navigation.txt 3/4) 0.002
Processing fractions (_RSHB_2020_02_06_alfa_direct.txt 4/4) 0.001
Deleting links (RSHB_Site1.txt 1/4) 0.004
Deleting links (_RSHB_2019_11_11_Products_Deposits.txt 2/4) 0.001
Deleting links (_RSHB_2019_12_16_Navigation.txt 3/4) 0.013
Deleting links (_RSHB_2020_02_06_alfa_direct.txt 4/4) 0.005
Deleting whitespace dictionary words (RSHB_Site1.txt 1/4) 0.004
Deleting whitespace dictionary words (_RSHB_2019_11_11_Products_Deposits.txt 2/4) 0.001
Deleting whitespace dictionary words (_RSHB_2019_12_16_Navigation.txt 3/4) 0.021
Deleting whitespace dictionary words (_RSHB_2020_02_06_alfa_direct.txt 4/4) 0.015
Deleting single dictionary words (RSHB_Site1.txt 1/4) 0.002
Deleting single dictionary words (_RSHB_2019_11_11_Products_Deposits.txt 2/4) 0.0
Deleting single dictionary words (_RSHB_2019_12_16_Navigation.txt 3/4) 0.009
Deleting single dictionary words (_RSHB_2020_02_06_alfa_direct.txt 4/4) 0.003
Processing numbers (RSHB_Site1.txt 1/4) 0.001
Processing numbers (_RSHB_2019_11_11_Products_Deposits.txt 2/4) 0.0
Processing numbers (_RSHB_2019_12_16_Navigation.txt 3/4) 0.0
Processing numbers (_RSHB_2020_02_06_alfa_direct.txt 4/4) 0.0
Processing punctuation marks (RSHB_Site1.txt 1/4) 0.001
Processing punctuation marks (_RSHB_2019_11_11_Products_Deposits.txt 2/4) 0.0
Processing punctuation marks (_RSHB_2019_12_16_Navigation.txt 3/4) 0.004
Processing punctuation marks (_RSHB_2020_02_06_alfa_direct.txt 4/4) 0.003
Processing days of the week (RSHB_Site1.txt 1/4) 0.003
Processing days of the week (_RSHB_2019_11_11_Products_Deposits.txt 2/4) 0.001
Processing days of the week (_RSHB_2019_12_16_Navigation.txt 3/4) 0.01
Processing days of the week (_RSHB_2020_02_06_alfa_direct.txt 4/4) 0.005
Deleting initials (RSHB_Site1.txt 1/4) 0.0
Deleting initials (_RSHB_2019_11_11_Products_Deposits.txt 2/4) 0.0
Deleting initials (_RSHB_2019_12_16_Navigation.txt 3/4) 0.003
Deleting initials (_RSHB_2020_02_06_alfa_direct.txt 4/4) 0.002
Searching abbreviations (RSHB_Site1.txt 1/4) 0.0
Searching abbreviations (_RSHB_2019_11_11_Products_Deposits.txt 2/4) 0.001
Searching abbreviations (_RSHB_2019_12_16_Navigation.txt 3/4) 0.007
Searching abbreviations (_RSHB_2020_02_06_alfa_direct.txt 4/4) 0.001
Separating camel case words (RSHB_Site1.txt 1/4) 0.003
Separating camel case words (_RSHB_2019_11_11_Products_Deposits.txt 2/4) 0.001
Separating camel case words (_RSHB_2019_12_16_Navigation.txt 3/4) 0.012
Separating camel case words (_RSHB_2020_02_06_alfa_direct.txt 4/4) 0.014
Splitting files into sentences (RSHB_Site1.txt 1/4) 0.001
Splitting files into sentences (_RSHB_2019_11_11_Products_Deposits.txt 2/4) 0.001
Splitting files into sentences (_RSHB_2019_12_16_Navigation.txt 3/4) 0.035
Splitting files into sentences (_RSHB_2020_02_06_alfa_direct.txt 4/4) 0.007
Deleting extra spaces (RSHB_Site1.txt 1/4) 0.0
Deleting extra spaces (_RSHB_2019_11_11_Products_Deposits.txt 2/4) 0.0
Deleting extra spaces (_RSHB_2019_12_16_Navigation.txt 3/4) 0.007
Deleting extra spaces (_RSHB_2020_02_06_alfa_direct.txt 4/4) 0.001
Searching english text  (RSHB_Site1.txt 1/4) 0.0
Searching english text  (_RSHB_2019_11_11_Products_Deposits.txt 2/4) 0.0
Searching english text  (_RSHB_2019_12_16_Navigation.txt 3/4) 0.001
Searching english text  (_RSHB_2020_02_06_alfa_direct.txt 4/4) 0.0
Processing acronyms (RSHB_Site1.txt 1/4) 0.001
Processing acronyms (_RSHB_2019_11_11_Products_Deposits.txt 2/4) 0.0
Processing acronyms (_RSHB_2019_12_16_Navigation.txt 3/4) 0.01
Processing acronyms (_RSHB_2020_02_06_alfa_direct.txt 4/4) 0.003
Creating a file with replacements (RSHB_Site1.txt 1/4) 0.005
Creating a file with replacements (_RSHB_2019_11_11_Products_Deposits.txt 2/4) 0.0
Creating a file with replacements (_RSHB_2019_12_16_Navigation.txt 3/4) 0.0
Creating a file with replacements (_RSHB_2020_02_06_alfa_direct.txt 4/4) 0.001
Creating processed files (RSHB_Site1.txt 1/4) 0.002
Creating processed files (_RSHB_2019_11_11_Products_Deposits.txt 2/4) 0.001
Creating processed files (_RSHB_2019_12_16_Navigation.txt 3/4) 0.004
Creating processed files (_RSHB_2020_02_06_alfa_direct.txt 4/4) 0.003
Processing phone numbers (RSHB_Site1.txt 1/5) 0.017
Processing phone numbers (_RSHB_2019_10_15_Product_List.txt 2/5) 0.001
Processing phone numbers (_RSHB_2019_11_11_Products_Deposits.txt 3/5) 0.001
Processing phone numbers (_RSHB_2019_12_16_Navigation.txt 4/5) 0.001
Processing phone numbers (_RSHB_2020_02_06_alfa_direct.txt 5/5) 0.001
Processing times (RSHB_Site1.txt 1/5) 0.001
Processing times (_RSHB_2019_10_15_Product_List.txt 2/5) 0.0
Processing times (_RSHB_2019_11_11_Products_Deposits.txt 3/5) 0.0
Processing times (_RSHB_2019_12_16_Navigation.txt 4/5) 0.001
Processing times (_RSHB_2020_02_06_alfa_direct.txt 5/5) 0.001
Processing dates (RSHB_Site1.txt 1/5) 0.06
Processing dates (_RSHB_2019_10_15_Product_List.txt 2/5) 0.051
Processing dates (_RSHB_2019_11_11_Products_Deposits.txt 3/5) 0.006
Processing dates (_RSHB_2019_12_16_Navigation.txt 4/5) 0.076
Processing dates (_RSHB_2020_02_06_alfa_direct.txt 5/5) 0.062
Processing moneys (RSHB_Site1.txt 1/5) 0.002
Processing moneys (_RSHB_2019_10_15_Product_List.txt 2/5) 0.001
Processing moneys (_RSHB_2019_11_11_Products_Deposits.txt 3/5) 0.001
Processing moneys (_RSHB_2019_12_16_Navigation.txt 4/5) 0.001
Processing moneys (_RSHB_2020_02_06_alfa_direct.txt 5/5) 0.001
Processing fractions (RSHB_Site1.txt 1/5) 0.0
Processing fractions (_RSHB_2019_10_15_Product_List.txt 2/5) 0.001
Processing fractions (_RSHB_2019_11_11_Products_Deposits.txt 3/5) 0.0
Processing fractions (_RSHB_2019_12_16_Navigation.txt 4/5) 0.002
Processing fractions (_RSHB_2020_02_06_alfa_direct.txt 5/5) 0.002
Deleting links (RSHB_Site1.txt 1/5) 0.003
Deleting links (_RSHB_2019_10_15_Product_List.txt 2/5) 0.005
Deleting links (_RSHB_2019_11_11_Products_Deposits.txt 3/5) 0.001
Deleting links (_RSHB_2019_12_16_Navigation.txt 4/5) 0.011
Deleting links (_RSHB_2020_02_06_alfa_direct.txt 5/5) 0.003
Deleting whitespace dictionary words (RSHB_Site1.txt 1/5) 0.002
Deleting whitespace dictionary words (_RSHB_2019_10_15_Product_List.txt 2/5) 0.01
Deleting whitespace dictionary words (_RSHB_2019_11_11_Products_Deposits.txt 3/5) 0.001
Deleting whitespace dictionary words (_RSHB_2019_12_16_Navigation.txt 4/5) 0.023
Deleting whitespace dictionary words (_RSHB_2020_02_06_alfa_direct.txt 5/5) 0.019
Deleting single dictionary words (RSHB_Site1.txt 1/5) 0.001
Deleting single dictionary words (_RSHB_2019_10_15_Product_List.txt 2/5) 0.003
Deleting single dictionary words (_RSHB_2019_11_11_Products_Deposits.txt 3/5) 0.001
Deleting single dictionary words (_RSHB_2019_12_16_Navigation.txt 4/5) 0.008
Deleting single dictionary words (_RSHB_2020_02_06_alfa_direct.txt 5/5) 0.002
Processing numbers (RSHB_Site1.txt 1/5) 0.001
Processing numbers (_RSHB_2019_10_15_Product_List.txt 2/5) 0.001
Processing numbers (_RSHB_2019_11_11_Products_Deposits.txt 3/5) 0.0
Processing numbers (_RSHB_2019_12_16_Navigation.txt 4/5) 0.0
Processing numbers (_RSHB_2020_02_06_alfa_direct.txt 5/5) 0.001
Processing punctuation marks (RSHB_Site1.txt 1/5) 0.001
Processing punctuation marks (_RSHB_2019_10_15_Product_List.txt 2/5) 0.003
Processing punctuation marks (_RSHB_2019_11_11_Products_Deposits.txt 3/5) 0.0
Processing punctuation marks (_RSHB_2019_12_16_Navigation.txt 4/5) 0.004
Processing punctuation marks (_RSHB_2020_02_06_alfa_direct.txt 5/5) 0.003
Processing days of the week (RSHB_Site1.txt 1/5) 0.002
Processing days of the week (_RSHB_2019_10_15_Product_List.txt 2/5) 0.006
Processing days of the week (_RSHB_2019_11_11_Products_Deposits.txt 3/5) 0.001
Processing days of the week (_RSHB_2019_12_16_Navigation.txt 4/5) 0.004
Processing days of the week (_RSHB_2020_02_06_alfa_direct.txt 5/5) 0.004
Deleting initials (RSHB_Site1.txt 1/5) 0.0
Deleting initials (_RSHB_2019_10_15_Product_List.txt 2/5) 0.002
Deleting initials (_RSHB_2019_11_11_Products_Deposits.txt 3/5) 0.0
Deleting initials (_RSHB_2019_12_16_Navigation.txt 4/5) 0.002
Deleting initials (_RSHB_2020_02_06_alfa_direct.txt 5/5) 0.003
Searching abbreviations (RSHB_Site1.txt 1/5) 0.001
Searching abbreviations (_RSHB_2019_10_15_Product_List.txt 2/5) 0.006
Searching abbreviations (_RSHB_2019_11_11_Products_Deposits.txt 3/5) 0.0
Searching abbreviations (_RSHB_2019_12_16_Navigation.txt 4/5) 0.001
Searching abbreviations (_RSHB_2020_02_06_alfa_direct.txt 5/5) 0.0
Separating camel case words (RSHB_Site1.txt 1/5) 0.001
Separating camel case words (_RSHB_2019_10_15_Product_List.txt 2/5) 0.002
Separating camel case words (_RSHB_2019_11_11_Products_Deposits.txt 3/5) 0.0
Separating camel case words (_RSHB_2019_12_16_Navigation.txt 4/5) 0.003
Separating camel case words (_RSHB_2020_02_06_alfa_direct.txt 5/5) 0.005
Splitting files into sentences (RSHB_Site1.txt 1/5) 0.002
Splitting files into sentences (_RSHB_2019_10_15_Product_List.txt 2/5) 0.004
Splitting files into sentences (_RSHB_2019_11_11_Products_Deposits.txt 3/5) 0.0
Splitting files into sentences (_RSHB_2019_12_16_Navigation.txt 4/5) 0.019
Splitting files into sentences (_RSHB_2020_02_06_alfa_direct.txt 5/5) 0.004
Deleting extra spaces (RSHB_Site1.txt 1/5) 0.0
Deleting extra spaces (_RSHB_2019_10_15_Product_List.txt 2/5) 0.001
Deleting extra spaces (_RSHB_2019_11_11_Products_Deposits.txt 3/5) 0.0
Deleting extra spaces (_RSHB_2019_12_16_Navigation.txt 4/5) 0.005
Deleting extra spaces (_RSHB_2020_02_06_alfa_direct.txt 5/5) 0.001
Searching english text  (RSHB_Site1.txt 1/5) 0.0
Searching english text  (_RSHB_2019_10_15_Product_List.txt 2/5) 0.0
Searching english text  (_RSHB_2019_11_11_Products_Deposits.txt 3/5) 0.0
Searching english text  (_RSHB_2019_12_16_Navigation.txt 4/5) 0.003
Searching english text  (_RSHB_2020_02_06_alfa_direct.txt 5/5) 0.002
Processing acronyms (RSHB_Site1.txt 1/5) 0.001
Processing acronyms (_RSHB_2019_10_15_Product_List.txt 2/5) 0.002
Processing acronyms (_RSHB_2019_11_11_Products_Deposits.txt 3/5) 0.0
Processing acronyms (_RSHB_2019_12_16_Navigation.txt 4/5) 0.011
Processing acronyms (_RSHB_2020_02_06_alfa_direct.txt 5/5) 0.004
Creating a file with replacements (RSHB_Site1.txt 1/5) 0.005
Creating a file with replacements (_RSHB_2019_10_15_Product_List.txt 2/5) 0.001
Creating a file with replacements (_RSHB_2019_11_11_Products_Deposits.txt 3/5) 0.0
Creating a file with replacements (_RSHB_2019_12_16_Navigation.txt 4/5) 0.0
Creating a file with replacements (_RSHB_2020_02_06_alfa_direct.txt 5/5) 0.003
Creating processed files (RSHB_Site1.txt 1/5) 0.002
Creating processed files (_RSHB_2019_10_15_Product_List.txt 2/5) 0.002
Creating processed files (_RSHB_2019_11_11_Products_Deposits.txt 3/5) 0.0
Creating processed files (_RSHB_2019_12_16_Navigation.txt 4/5) 0.003
Creating processed files (_RSHB_2020_02_06_alfa_direct.txt 5/5) 0.003
Processing phone numbers (RSHB_Site1.txt 1/5) 0.018
Processing phone numbers (_RSHB_2019_10_15_Product_List.txt 2/5) 0.002
Processing phone numbers (_RSHB_2019_11_11_Products_Deposits.txt 3/5) 0.0
Processing phone numbers (_RSHB_2019_12_16_Navigation.txt 4/5) 0.001
Processing phone numbers (_RSHB_2020_02_06_alfa_direct.txt 5/5) 0.001
Processing times (RSHB_Site1.txt 1/5) 0.001
Processing times (_RSHB_2019_10_15_Product_List.txt 2/5) 0.001
Processing times (_RSHB_2019_11_11_Products_Deposits.txt 3/5) 0.0
Processing times (_RSHB_2019_12_16_Navigation.txt 4/5) 0.002
Processing times (_RSHB_2020_02_06_alfa_direct.txt 5/5) 0.002
Processing dates (RSHB_Site1.txt 1/5) 0.061
Processing dates (_RSHB_2019_10_15_Product_List.txt 2/5) 0.031
Processing dates (_RSHB_2019_11_11_Products_Deposits.txt 3/5) 0.003
Processing dates (_RSHB_2019_12_16_Navigation.txt 4/5) 0.059
Processing dates (_RSHB_2020_02_06_alfa_direct.txt 5/5) 0.059
Processing moneys (RSHB_Site1.txt 1/5) 0.001
Processing moneys (_RSHB_2019_10_15_Product_List.txt 2/5) 0.001
Processing moneys (_RSHB_2019_11_11_Products_Deposits.txt 3/5) 0.0
Processing moneys (_RSHB_2019_12_16_Navigation.txt 4/5) 0.002
Processing moneys (_RSHB_2020_02_06_alfa_direct.txt 5/5) 0.001
Processing fractions (RSHB_Site1.txt 1/5) 0.001
Processing fractions (_RSHB_2019_10_15_Product_List.txt 2/5) 0.001
Processing fractions (_RSHB_2019_11_11_Products_Deposits.txt 3/5) 0.0
Processing fractions (_RSHB_2019_12_16_Navigation.txt 4/5) 0.002
Processing fractions (_RSHB_2020_02_06_alfa_direct.txt 5/5) 0.002
Deleting links (RSHB_Site1.txt 1/5) 0.004
Deleting links (_RSHB_2019_10_15_Product_List.txt 2/5) 0.005
Deleting links (_RSHB_2019_11_11_Products_Deposits.txt 3/5) 0.001
Deleting links (_RSHB_2019_12_16_Navigation.txt 4/5) 0.01
Deleting links (_RSHB_2020_02_06_alfa_direct.txt 5/5) 0.003
Deleting whitespace dictionary words (RSHB_Site1.txt 1/5) 0.005
Deleting whitespace dictionary words (_RSHB_2019_10_15_Product_List.txt 2/5) 0.011
Deleting whitespace dictionary words (_RSHB_2019_11_11_Products_Deposits.txt 3/5) 0.0
Deleting whitespace dictionary words (_RSHB_2019_12_16_Navigation.txt 4/5) 0.023
Deleting whitespace dictionary words (_RSHB_2020_02_06_alfa_direct.txt 5/5) 0.018
Deleting single dictionary words (RSHB_Site1.txt 1/5) 0.003
Deleting single dictionary words (_RSHB_2019_10_15_Product_List.txt 2/5) 0.004
Deleting single dictionary words (_RSHB_2019_11_11_Products_Deposits.txt 3/5) 0.001
Deleting single dictionary words (_RSHB_2019_12_16_Navigation.txt 4/5) 0.008
Deleting single dictionary words (_RSHB_2020_02_06_alfa_direct.txt 5/5) 0.003
Processing numbers (RSHB_Site1.txt 1/5) 0.001
Processing numbers (_RSHB_2019_10_15_Product_List.txt 2/5) 0.001
Processing numbers (_RSHB_2019_11_11_Products_Deposits.txt 3/5) 0.0
Processing numbers (_RSHB_2019_12_16_Navigation.txt 4/5) 0.001
Processing numbers (_RSHB_2020_02_06_alfa_direct.txt 5/5) 0.0
Processing punctuation marks (RSHB_Site1.txt 1/5) 0.001
Processing punctuation marks (_RSHB_2019_10_15_Product_List.txt 2/5) 0.002
Processing punctuation marks (_RSHB_2019_11_11_Products_Deposits.txt 3/5) 0.001
Processing punctuation marks (_RSHB_2019_12_16_Navigation.txt 4/5) 0.004
Processing punctuation marks (_RSHB_2020_02_06_alfa_direct.txt 5/5) 0.003
Processing days of the week (RSHB_Site1.txt 1/5) 0.003
Processing days of the week (_RSHB_2019_10_15_Product_List.txt 2/5) 0.006
Processing days of the week (_RSHB_2019_11_11_Products_Deposits.txt 3/5) 0.0
Processing days of the week (_RSHB_2019_12_16_Navigation.txt 4/5) 0.004
Processing days of the week (_RSHB_2020_02_06_alfa_direct.txt 5/5) 0.005
Deleting initials (RSHB_Site1.txt 1/5) 0.001
Deleting initials (_RSHB_2019_10_15_Product_List.txt 2/5) 0.001
Deleting initials (_RSHB_2019_11_11_Products_Deposits.txt 3/5) 0.001
Deleting initials (_RSHB_2019_12_16_Navigation.txt 4/5) 0.002
Deleting initials (_RSHB_2020_02_06_alfa_direct.txt 5/5) 0.002
Searching abbreviations (RSHB_Site1.txt 1/5) 0.0
Searching abbreviations (_RSHB_2019_10_15_Product_List.txt 2/5) 0.007
Searching abbreviations (_RSHB_2019_11_11_Products_Deposits.txt 3/5) 0.0
Searching abbreviations (_RSHB_2019_12_16_Navigation.txt 4/5) 0.001
Searching abbreviations (_RSHB_2020_02_06_alfa_direct.txt 5/5) 0.001
Separating camel case words (RSHB_Site1.txt 1/5) 0.001
Separating camel case words (_RSHB_2019_10_15_Product_List.txt 2/5) 0.003
Separating camel case words (_RSHB_2019_11_11_Products_Deposits.txt 3/5) 0.0
Separating camel case words (_RSHB_2019_12_16_Navigation.txt 4/5) 0.003
Separating camel case words (_RSHB_2020_02_06_alfa_direct.txt 5/5) 0.006
Splitting files into sentences (RSHB_Site1.txt 1/5) 0.001
Splitting files into sentences (_RSHB_2019_10_15_Product_List.txt 2/5) 0.004
Splitting files into sentences (_RSHB_2019_11_11_Products_Deposits.txt 3/5) 0.0
Splitting files into sentences (_RSHB_2019_12_16_Navigation.txt 4/5) 0.026
Splitting files into sentences (_RSHB_2020_02_06_alfa_direct.txt 5/5) 0.004
Deleting extra spaces (RSHB_Site1.txt 1/5) 0.0
Deleting extra spaces (_RSHB_2019_10_15_Product_List.txt 2/5) 0.002
Deleting extra spaces (_RSHB_2019_11_11_Products_Deposits.txt 3/5) 0.0
Deleting extra spaces (_RSHB_2019_12_16_Navigation.txt 4/5) 0.014
Deleting extra spaces (_RSHB_2020_02_06_alfa_direct.txt 5/5) 0.003
Searching english text  (RSHB_Site1.txt 1/5) 0.0
Searching english text  (_RSHB_2019_10_15_Product_List.txt 2/5) 0.001
Searching english text  (_RSHB_2019_11_11_Products_Deposits.txt 3/5) 0.001
Searching english text  (_RSHB_2019_12_16_Navigation.txt 4/5) 0.005
Searching english text  (_RSHB_2020_02_06_alfa_direct.txt 5/5) 0.002
Processing acronyms (RSHB_Site1.txt 1/5) 0.001
Processing acronyms (_RSHB_2019_10_15_Product_List.txt 2/5) 0.003
Processing acronyms (_RSHB_2019_11_11_Products_Deposits.txt 3/5) 0.0
Processing acronyms (_RSHB_2019_12_16_Navigation.txt 4/5) 0.015
Processing acronyms (_RSHB_2020_02_06_alfa_direct.txt 5/5) 0.003
Creating a file with replacements (RSHB_Site1.txt 1/5) 0.005
Creating a file with replacements (_RSHB_2019_10_15_Product_List.txt 2/5) 0.002
Creating a file with replacements (_RSHB_2019_11_11_Products_Deposits.txt 3/5) 0.0
Creating a file with replacements (_RSHB_2019_12_16_Navigation.txt 4/5) 0.0
Creating a file with replacements (_RSHB_2020_02_06_alfa_direct.txt 5/5) 0.007
Creating processed files (RSHB_Site1.txt 1/5) 0.001
Creating processed files (_RSHB_2019_10_15_Product_List.txt 2/5) 0.003
Creating processed files (_RSHB_2019_11_11_Products_Deposits.txt 3/5) 0.001
Creating processed files (_RSHB_2019_12_16_Navigation.txt 4/5) 0.003
Creating processed files (_RSHB_2020_02_06_alfa_direct.txt 5/5) 0.003
Processing phone numbers (RSHB_Site1.txt 1/5) 0.022
Processing phone numbers (_RSHB_2019_10_15_Product_List.txt 2/5) 0.001
Processing phone numbers (_RSHB_2019_11_11_Products_Deposits.txt 3/5) 0.0
Processing phone numbers (_RSHB_2019_12_16_Navigation.txt 4/5) 0.002
Processing phone numbers (_RSHB_2020_02_06_alfa_direct.txt 5/5) 0.001
Processing times (RSHB_Site1.txt 1/5) 0.001
Processing times (_RSHB_2019_10_15_Product_List.txt 2/5) 0.0
Processing times (_RSHB_2019_11_11_Products_Deposits.txt 3/5) 0.0
Processing times (_RSHB_2019_12_16_Navigation.txt 4/5) 0.001
Processing times (_RSHB_2020_02_06_alfa_direct.txt 5/5) 0.001
Processing dates (RSHB_Site1.txt 1/5) 0.053
Processing dates (_RSHB_2019_10_15_Product_List.txt 2/5) 0.03
Processing dates (_RSHB_2019_11_11_Products_Deposits.txt 3/5) 0.004
Processing dates (_RSHB_2019_12_16_Navigation.txt 4/5) 0.048
Processing dates (_RSHB_2020_02_06_alfa_direct.txt 5/5) 0.047
Processing moneys (RSHB_Site1.txt 1/5) 0.001
Processing moneys (_RSHB_2019_10_15_Product_List.txt 2/5) 0.001
Processing moneys (_RSHB_2019_11_11_Products_Deposits.txt 3/5) 0.0
Processing moneys (_RSHB_2019_12_16_Navigation.txt 4/5) 0.001
Processing moneys (_RSHB_2020_02_06_alfa_direct.txt 5/5) 0.001
Processing fractions (RSHB_Site1.txt 1/5) 0.001
Processing fractions (_RSHB_2019_10_15_Product_List.txt 2/5) 0.001
Processing fractions (_RSHB_2019_11_11_Products_Deposits.txt 3/5) 0.0
Processing fractions (_RSHB_2019_12_16_Navigation.txt 4/5) 0.002
Processing fractions (_RSHB_2020_02_06_alfa_direct.txt 5/5) 0.002
Deleting links (RSHB_Site1.txt 1/5) 0.004
Deleting links (_RSHB_2019_10_15_Product_List.txt 2/5) 0.005
Deleting links (_RSHB_2019_11_11_Products_Deposits.txt 3/5) 0.001
Deleting links (_RSHB_2019_12_16_Navigation.txt 4/5) 0.007
Deleting links (_RSHB_2020_02_06_alfa_direct.txt 5/5) 0.002
Deleting whitespace dictionary words (RSHB_Site1.txt 1/5) 0.004
Deleting whitespace dictionary words (_RSHB_2019_10_15_Product_List.txt 2/5) 0.011
Deleting whitespace dictionary words (_RSHB_2019_11_11_Products_Deposits.txt 3/5) 0.001
Deleting whitespace dictionary words (_RSHB_2019_12_16_Navigation.txt 4/5) 0.027
Deleting whitespace dictionary words (_RSHB_2020_02_06_alfa_direct.txt 5/5) 0.018
Deleting single dictionary words (RSHB_Site1.txt 1/5) 0.004
Deleting single dictionary words (_RSHB_2019_10_15_Product_List.txt 2/5) 0.005
Deleting single dictionary words (_RSHB_2019_11_11_Products_Deposits.txt 3/5) 0.0
Deleting single dictionary words (_RSHB_2019_12_16_Navigation.txt 4/5) 0.008
Deleting single dictionary words (_RSHB_2020_02_06_alfa_direct.txt 5/5) 0.002
Processing numbers (RSHB_Site1.txt 1/5) 0.001
Processing numbers (_RSHB_2019_10_15_Product_List.txt 2/5) 0.0
Processing numbers (_RSHB_2019_11_11_Products_Deposits.txt 3/5) 0.001
Processing numbers (_RSHB_2019_12_16_Navigation.txt 4/5) 0.0
Processing numbers (_RSHB_2020_02_06_alfa_direct.txt 5/5) 0.0
Processing punctuation marks (RSHB_Site1.txt 1/5) 0.001
Processing punctuation marks (_RSHB_2019_10_15_Product_List.txt 2/5) 0.002
Processing punctuation marks (_RSHB_2019_11_11_Products_Deposits.txt 3/5) 0.001
Processing punctuation marks (_RSHB_2019_12_16_Navigation.txt 4/5) 0.004
Processing punctuation marks (_RSHB_2020_02_06_alfa_direct.txt 5/5) 0.003
Processing days of the week (RSHB_Site1.txt 1/5) 0.002
Processing days of the week (_RSHB_2019_10_15_Product_List.txt 2/5) 0.004
Processing days of the week (_RSHB_2019_11_11_Products_Deposits.txt 3/5) 0.0
Processing days of the week (_RSHB_2019_12_16_Navigation.txt 4/5) 0.003
Processing days of the week (_RSHB_2020_02_06_alfa_direct.txt 5/5) 0.005
Deleting initials (RSHB_Site1.txt 1/5) 0.001
Deleting initials (_RSHB_2019_10_15_Product_List.txt 2/5) 0.001
Deleting initials (_RSHB_2019_11_11_Products_Deposits.txt 3/5) 0.0
Deleting initials (_RSHB_2019_12_16_Navigation.txt 4/5) 0.002
Deleting initials (_RSHB_2020_02_06_alfa_direct.txt 5/5) 0.002
Searching abbreviations (RSHB_Site1.txt 1/5) 0.001
Searching abbreviations (_RSHB_2019_10_15_Product_List.txt 2/5) 0.006
Searching abbreviations (_RSHB_2019_11_11_Products_Deposits.txt 3/5) 0.0
Searching abbreviations (_RSHB_2019_12_16_Navigation.txt 4/5) 0.001
Searching abbreviations (_RSHB_2020_02_06_alfa_direct.txt 5/5) 0.0
Separating camel case words (RSHB_Site1.txt 1/5) 0.001
Separating camel case words (_RSHB_2019_10_15_Product_List.txt 2/5) 0.003
Separating camel case words (_RSHB_2019_11_11_Products_Deposits.txt 3/5) 0.001
Separating camel case words (_RSHB_2019_12_16_Navigation.txt 4/5) 0.005
Separating camel case words (_RSHB_2020_02_06_alfa_direct.txt 5/5) 0.005
Splitting files into sentences (RSHB_Site1.txt 1/5) 0.001
Splitting files into sentences (_RSHB_2019_10_15_Product_List.txt 2/5) 0.002
Splitting files into sentences (_RSHB_2019_11_11_Products_Deposits.txt 3/5) 0.0
Splitting files into sentences (_RSHB_2019_12_16_Navigation.txt 4/5) 0.014
Splitting files into sentences (_RSHB_2020_02_06_alfa_direct.txt 5/5) 0.003
Deleting extra spaces (RSHB_Site1.txt 1/5) 0.0
Deleting extra spaces (_RSHB_2019_10_15_Product_List.txt 2/5) 0.001
Deleting extra spaces (_RSHB_2019_11_11_Products_Deposits.txt 3/5) 0.0
Deleting extra spaces (_RSHB_2019_12_16_Navigation.txt 4/5) 0.005
Deleting extra spaces (_RSHB_2020_02_06_alfa_direct.txt 5/5) 0.002
Searching english text  (RSHB_Site1.txt 1/5) 0.001
Searching english text  (_RSHB_2019_10_15_Product_List.txt 2/5) 0.0
Searching english text  (_RSHB_2019_11_11_Products_Deposits.txt 3/5) 0.0
Searching english text  (_RSHB_2019_12_16_Navigation.txt 4/5) 0.003
Searching english text  (_RSHB_2020_02_06_alfa_direct.txt 5/5) 0.001
Processing acronyms (RSHB_Site1.txt 1/5) 0.001
Processing acronyms (_RSHB_2019_10_15_Product_List.txt 2/5) 0.003
Processing acronyms (_RSHB_2019_11_11_Products_Deposits.txt 3/5) 0.0
Processing acronyms (_RSHB_2019_12_16_Navigation.txt 4/5) 0.008
Processing acronyms (_RSHB_2020_02_06_alfa_direct.txt 5/5) 0.005
Creating a file with replacements (RSHB_Site1.txt 1/5) 0.005
Creating a file with replacements (_RSHB_2019_10_15_Product_List.txt 2/5) 0.001
Creating a file with replacements (_RSHB_2019_11_11_Products_Deposits.txt 3/5) 0.0
Creating a file with replacements (_RSHB_2019_12_16_Navigation.txt 4/5) 0.0
Creating a file with replacements (_RSHB_2020_02_06_alfa_direct.txt 5/5) 0.002
Creating processed files (RSHB_Site1.txt 1/5) 0.001
Creating processed files (_RSHB_2019_10_15_Product_List.txt 2/5) 0.003
Creating processed files (_RSHB_2019_11_11_Products_Deposits.txt 3/5) 0.001
Creating processed files (_RSHB_2019_12_16_Navigation.txt 4/5) 0.003
Creating processed files (_RSHB_2020_02_06_alfa_direct.txt 5/5) 0.003
Processing phone numbers (RSHB_Site1.txt 1/5) 0.017
Processing phone numbers (_RSHB_2019_10_15_Product_List.txt 2/5) 0.001
Processing phone numbers (_RSHB_2019_11_11_Products_Deposits.txt 3/5) 0.001
Processing phone numbers (_RSHB_2019_12_16_Navigation.txt 4/5) 0.002
Processing phone numbers (_RSHB_2020_02_06_alfa_direct.txt 5/5) 0.001
Processing times (RSHB_Site1.txt 1/5) 0.001
Processing times (_RSHB_2019_10_15_Product_List.txt 2/5) 0.001
Processing times (_RSHB_2019_11_11_Products_Deposits.txt 3/5) 0.0
Processing times (_RSHB_2019_12_16_Navigation.txt 4/5) 0.002
Processing times (_RSHB_2020_02_06_alfa_direct.txt 5/5) 0.001
Processing dates (RSHB_Site1.txt 1/5) 0.057
Processing dates (_RSHB_2019_10_15_Product_List.txt 2/5) 0.035
Processing dates (_RSHB_2019_11_11_Products_Deposits.txt 3/5) 0.003
Processing dates (_RSHB_2019_12_16_Navigation.txt 4/5) 0.054
Processing dates (_RSHB_2020_02_06_alfa_direct.txt 5/5) 0.045
Processing moneys (RSHB_Site1.txt 1/5) 0.001
Processing moneys (_RSHB_2019_10_15_Product_List.txt 2/5) 0.002
Processing moneys (_RSHB_2019_11_11_Products_Deposits.txt 3/5) 0.0
Processing moneys (_RSHB_2019_12_16_Navigation.txt 4/5) 0.001
Processing moneys (_RSHB_2020_02_06_alfa_direct.txt 5/5) 0.001
Processing fractions (RSHB_Site1.txt 1/5) 0.0
Processing fractions (_RSHB_2019_10_15_Product_List.txt 2/5) 0.002
Processing fractions (_RSHB_2019_11_11_Products_Deposits.txt 3/5) 0.0
Processing fractions (_RSHB_2019_12_16_Navigation.txt 4/5) 0.002
Processing fractions (_RSHB_2020_02_06_alfa_direct.txt 5/5) 0.002
Deleting links (RSHB_Site1.txt 1/5) 0.004
Deleting links (_RSHB_2019_10_15_Product_List.txt 2/5) 0.006
Deleting links (_RSHB_2019_11_11_Products_Deposits.txt 3/5) 0.001
Deleting links (_RSHB_2019_12_16_Navigation.txt 4/5) 0.007
Deleting links (_RSHB_2020_02_06_alfa_direct.txt 5/5) 0.002
Deleting whitespace dictionary words (RSHB_Site1.txt 1/5) 0.004
Deleting whitespace dictionary words (_RSHB_2019_10_15_Product_List.txt 2/5) 0.011
Deleting whitespace dictionary words (_RSHB_2019_11_11_Products_Deposits.txt 3/5) 0.001
Deleting whitespace dictionary words (_RSHB_2019_12_16_Navigation.txt 4/5) 0.025
Deleting whitespace dictionary words (_RSHB_2020_02_06_alfa_direct.txt 5/5) 0.02
Deleting single dictionary words (RSHB_Site1.txt 1/5) 0.003
Deleting single dictionary words (_RSHB_2019_10_15_Product_List.txt 2/5) 0.006
Deleting single dictionary words (_RSHB_2019_11_11_Products_Deposits.txt 3/5) 0.0
Deleting single dictionary words (_RSHB_2019_12_16_Navigation.txt 4/5) 0.006
Deleting single dictionary words (_RSHB_2020_02_06_alfa_direct.txt 5/5) 0.003
Processing numbers (RSHB_Site1.txt 1/5) 0.001
Processing numbers (_RSHB_2019_10_15_Product_List.txt 2/5) 0.001
Processing numbers (_RSHB_2019_11_11_Products_Deposits.txt 3/5) 0.0
Processing numbers (_RSHB_2019_12_16_Navigation.txt 4/5) 0.0
Processing numbers (_RSHB_2020_02_06_alfa_direct.txt 5/5) 0.0
Processing punctuation marks (RSHB_Site1.txt 1/5) 0.002
Processing punctuation marks (_RSHB_2019_10_15_Product_List.txt 2/5) 0.003
Processing punctuation marks (_RSHB_2019_11_11_Products_Deposits.txt 3/5) 0.0
Processing punctuation marks (_RSHB_2019_12_16_Navigation.txt 4/5) 0.005
Processing punctuation marks (_RSHB_2020_02_06_alfa_direct.txt 5/5) 0.003
Processing days of the week (RSHB_Site1.txt 1/5) 0.003
Processing days of the week (_RSHB_2019_10_15_Product_List.txt 2/5) 0.005
Processing days of the week (_RSHB_2019_11_11_Products_Deposits.txt 3/5) 0.001
Processing days of the week (_RSHB_2019_12_16_Navigation.txt 4/5) 0.004
Processing days of the week (_RSHB_2020_02_06_alfa_direct.txt 5/5) 0.003
Deleting initials (RSHB_Site1.txt 1/5) 0.001
Deleting initials (_RSHB_2019_10_15_Product_List.txt 2/5) 0.001
Deleting initials (_RSHB_2019_11_11_Products_Deposits.txt 3/5) 0.001
Deleting initials (_RSHB_2019_12_16_Navigation.txt 4/5) 0.003
Deleting initials (_RSHB_2020_02_06_alfa_direct.txt 5/5) 0.003
Searching abbreviations (RSHB_Site1.txt 1/5) 0.0
Searching abbreviations (_RSHB_2019_10_15_Product_List.txt 2/5) 0.006
Searching abbreviations (_RSHB_2019_11_11_Products_Deposits.txt 3/5) 0.0
Searching abbreviations (_RSHB_2019_12_16_Navigation.txt 4/5) 0.001
Searching abbreviations (_RSHB_2020_02_06_alfa_direct.txt 5/5) 0.0
Separating camel case words (RSHB_Site1.txt 1/5) 0.001
Separating camel case words (_RSHB_2019_10_15_Product_List.txt 2/5) 0.003
Separating camel case words (_RSHB_2019_11_11_Products_Deposits.txt 3/5) 0.0
Separating camel case words (_RSHB_2019_12_16_Navigation.txt 4/5) 0.003
Separating camel case words (_RSHB_2020_02_06_alfa_direct.txt 5/5) 0.005
Splitting files into sentences (RSHB_Site1.txt 1/5) 0.001
Splitting files into sentences (_RSHB_2019_10_15_Product_List.txt 2/5) 0.003
Splitting files into sentences (_RSHB_2019_11_11_Products_Deposits.txt 3/5) 0.0
Splitting files into sentences (_RSHB_2019_12_16_Navigation.txt 4/5) 0.014
Splitting files into sentences (_RSHB_2020_02_06_alfa_direct.txt 5/5) 0.005
Deleting extra spaces (RSHB_Site1.txt 1/5) 0.001
Deleting extra spaces (_RSHB_2019_10_15_Product_List.txt 2/5) 0.001
Deleting extra spaces (_RSHB_2019_11_11_Products_Deposits.txt 3/5) 0.0
Deleting extra spaces (_RSHB_2019_12_16_Navigation.txt 4/5) 0.006
Deleting extra spaces (_RSHB_2020_02_06_alfa_direct.txt 5/5) 0.002
Searching english text  (RSHB_Site1.txt 1/5) 0.0
Searching english text  (_RSHB_2019_10_15_Product_List.txt 2/5) 0.001
Searching english text  (_RSHB_2019_11_11_Products_Deposits.txt 3/5) 0.0
Searching english text  (_RSHB_2019_12_16_Navigation.txt 4/5) 0.004
Searching english text  (_RSHB_2020_02_06_alfa_direct.txt 5/5) 0.002
Processing acronyms (RSHB_Site1.txt 1/5) 0.001
Processing acronyms (_RSHB_2019_10_15_Product_List.txt 2/5) 0.004
Processing acronyms (_RSHB_2019_11_11_Products_Deposits.txt 3/5) 0.0
Processing acronyms (_RSHB_2019_12_16_Navigation.txt 4/5) 0.013
Processing acronyms (_RSHB_2020_02_06_alfa_direct.txt 5/5) 0.006
Creating a file with replacements (RSHB_Site1.txt 1/5) 0.007
Creating a file with replacements (_RSHB_2019_10_15_Product_List.txt 2/5) 0.004
Creating a file with replacements (_RSHB_2019_11_11_Products_Deposits.txt 3/5) 0.0
Creating a file with replacements (_RSHB_2019_12_16_Navigation.txt 4/5) 0.0
Creating a file with replacements (_RSHB_2020_02_06_alfa_direct.txt 5/5) 0.002
Creating processed files (RSHB_Site1.txt 1/5) 0.002
Creating processed files (_RSHB_2019_10_15_Product_List.txt 2/5) 0.003
Creating processed files (_RSHB_2019_11_11_Products_Deposits.txt 3/5) 0.001
Creating processed files (_RSHB_2019_12_16_Navigation.txt 4/5) 0.003
Creating processed files (_RSHB_2020_02_06_alfa_direct.txt 5/5) 0.004
Processing phone numbers (RSHB_Site1.txt 1/5) 0.018
Processing phone numbers (_RSHB_2019_10_15_Product_List.txt 2/5) 0.001
Processing phone numbers (_RSHB_2019_11_11_Products_Deposits.txt 3/5) 0.0
Processing phone numbers (_RSHB_2019_12_16_Navigation.txt 4/5) 0.001
Processing phone numbers (_RSHB_2020_02_06_alfa_direct.txt 5/5) 0.001
Processing times (RSHB_Site1.txt 1/5) 0.0
Processing times (_RSHB_2019_10_15_Product_List.txt 2/5) 0.0
Processing times (_RSHB_2019_11_11_Products_Deposits.txt 3/5) 0.001
Processing times (_RSHB_2019_12_16_Navigation.txt 4/5) 0.001
Processing times (_RSHB_2020_02_06_alfa_direct.txt 5/5) 0.001
Processing dates (RSHB_Site1.txt 1/5) 0.06
Processing dates (_RSHB_2019_10_15_Product_List.txt 2/5) 0.033
Processing dates (_RSHB_2019_11_11_Products_Deposits.txt 3/5) 0.004
Processing dates (_RSHB_2019_12_16_Navigation.txt 4/5) 0.079
Processing dates (_RSHB_2020_02_06_alfa_direct.txt 5/5) 0.06
Processing moneys (RSHB_Site1.txt 1/5) 0.001
Processing moneys (_RSHB_2019_10_15_Product_List.txt 2/5) 0.001
Processing moneys (_RSHB_2019_11_11_Products_Deposits.txt 3/5) 0.0
Processing moneys (_RSHB_2019_12_16_Navigation.txt 4/5) 0.001
Processing moneys (_RSHB_2020_02_06_alfa_direct.txt 5/5) 0.001
Processing fractions (RSHB_Site1.txt 1/5) 0.0
Processing fractions (_RSHB_2019_10_15_Product_List.txt 2/5) 0.001
Processing fractions (_RSHB_2019_11_11_Products_Deposits.txt 3/5) 0.0
Processing fractions (_RSHB_2019_12_16_Navigation.txt 4/5) 0.002
Processing fractions (_RSHB_2020_02_06_alfa_direct.txt 5/5) 0.002
Deleting links (RSHB_Site1.txt 1/5) 0.005
Deleting links (_RSHB_2019_10_15_Product_List.txt 2/5) 0.006
Deleting links (_RSHB_2019_11_11_Products_Deposits.txt 3/5) 0.001
Deleting links (_RSHB_2019_12_16_Navigation.txt 4/5) 0.01
Deleting links (_RSHB_2020_02_06_alfa_direct.txt 5/5) 0.003
Deleting whitespace dictionary words (RSHB_Site1.txt 1/5) 0.004
Deleting whitespace dictionary words (_RSHB_2019_10_15_Product_List.txt 2/5) 0.01
Deleting whitespace dictionary words (_RSHB_2019_11_11_Products_Deposits.txt 3/5) 0.0
Deleting whitespace dictionary words (_RSHB_2019_12_16_Navigation.txt 4/5) 0.023
Deleting whitespace dictionary words (_RSHB_2020_02_06_alfa_direct.txt 5/5) 0.017
Deleting single dictionary words (RSHB_Site1.txt 1/5) 0.003
Deleting single dictionary words (_RSHB_2019_10_15_Product_List.txt 2/5) 0.006
Deleting single dictionary words (_RSHB_2019_11_11_Products_Deposits.txt 3/5) 0.0
Deleting single dictionary words (_RSHB_2019_12_16_Navigation.txt 4/5) 0.009
Deleting single dictionary words (_RSHB_2020_02_06_alfa_direct.txt 5/5) 0.003
Processing numbers (RSHB_Site1.txt 1/5) 0.002
Processing numbers (_RSHB_2019_10_15_Product_List.txt 2/5) 0.0
Processing numbers (_RSHB_2019_11_11_Products_Deposits.txt 3/5) 0.0
Processing numbers (_RSHB_2019_12_16_Navigation.txt 4/5) 0.0
Processing numbers (_RSHB_2020_02_06_alfa_direct.txt 5/5) 0.0
Processing punctuation marks (RSHB_Site1.txt 1/5) 0.001
Processing punctuation marks (_RSHB_2019_10_15_Product_List.txt 2/5) 0.004
Processing punctuation marks (_RSHB_2019_11_11_Products_Deposits.txt 3/5) 0.0
Processing punctuation marks (_RSHB_2019_12_16_Navigation.txt 4/5) 0.006
Processing punctuation marks (_RSHB_2020_02_06_alfa_direct.txt 5/5) 0.003
Processing days of the week (RSHB_Site1.txt 1/5) 0.003
Processing days of the week (_RSHB_2019_10_15_Product_List.txt 2/5) 0.007
Processing days of the week (_RSHB_2019_11_11_Products_Deposits.txt 3/5) 0.001
Processing days of the week (_RSHB_2019_12_16_Navigation.txt 4/5) 0.004
Processing days of the week (_RSHB_2020_02_06_alfa_direct.txt 5/5) 0.004
Deleting initials (RSHB_Site1.txt 1/5) 0.0
Deleting initials (_RSHB_2019_10_15_Product_List.txt 2/5) 0.002
Deleting initials (_RSHB_2019_11_11_Products_Deposits.txt 3/5) 0.0
Deleting initials (_RSHB_2019_12_16_Navigation.txt 4/5) 0.002
Deleting initials (_RSHB_2020_02_06_alfa_direct.txt 5/5) 0.002
Searching abbreviations (RSHB_Site1.txt 1/5) 0.0
Searching abbreviations (_RSHB_2019_10_15_Product_List.txt 2/5) 0.008
Searching abbreviations (_RSHB_2019_11_11_Products_Deposits.txt 3/5) 0.0
Searching abbreviations (_RSHB_2019_12_16_Navigation.txt 4/5) 0.001
Searching abbreviations (_RSHB_2020_02_06_alfa_direct.txt 5/5) 0.001
Separating camel case words (RSHB_Site1.txt 1/5) 0.001
Separating camel case words (_RSHB_2019_10_15_Product_List.txt 2/5) 0.003
Separating camel case words (_RSHB_2019_11_11_Products_Deposits.txt 3/5) 0.0
Separating camel case words (_RSHB_2019_12_16_Navigation.txt 4/5) 0.003
Separating camel case words (_RSHB_2020_02_06_alfa_direct.txt 5/5) 0.006
Splitting files into sentences (RSHB_Site1.txt 1/5) 0.002
Splitting files into sentences (_RSHB_2019_10_15_Product_List.txt 2/5) 0.005
Splitting files into sentences (_RSHB_2019_11_11_Products_Deposits.txt 3/5) 0.0
Splitting files into sentences (_RSHB_2019_12_16_Navigation.txt 4/5) 0.033
Splitting files into sentences (_RSHB_2020_02_06_alfa_direct.txt 5/5) 0.005
Deleting extra spaces (RSHB_Site1.txt 1/5) 0.0
Deleting extra spaces (_RSHB_2019_10_15_Product_List.txt 2/5) 0.004
Deleting extra spaces (_RSHB_2019_11_11_Products_Deposits.txt 3/5) 0.0
Deleting extra spaces (_RSHB_2019_12_16_Navigation.txt 4/5) 0.014
Deleting extra spaces (_RSHB_2020_02_06_alfa_direct.txt 5/5) 0.004
Searching english text  (RSHB_Site1.txt 1/5) 0.0
Searching english text  (_RSHB_2019_10_15_Product_List.txt 2/5) 0.001
Searching english text  (_RSHB_2019_11_11_Products_Deposits.txt 3/5) 0.0
Searching english text  (_RSHB_2019_12_16_Navigation.txt 4/5) 0.007
Searching english text  (_RSHB_2020_02_06_alfa_direct.txt 5/5) 0.002
Processing acronyms (RSHB_Site1.txt 1/5) 0.001
Processing acronyms (_RSHB_2019_10_15_Product_List.txt 2/5) 0.004
Processing acronyms (_RSHB_2019_11_11_Products_Deposits.txt 3/5) 0.0
Processing acronyms (_RSHB_2019_12_16_Navigation.txt 4/5) 0.021
Processing acronyms (_RSHB_2020_02_06_alfa_direct.txt 5/5) 0.005
Creating a file with replacements (RSHB_Site1.txt 1/5) 0.007
Creating a file with replacements (_RSHB_2019_10_15_Product_List.txt 2/5) 0.002
Creating a file with replacements (_RSHB_2019_11_11_Products_Deposits.txt 3/5) 0.0
Creating a file with replacements (_RSHB_2019_12_16_Navigation.txt 4/5) 0.0
Creating a file with replacements (_RSHB_2020_02_06_alfa_direct.txt 5/5) 0.002
Creating processed files (RSHB_Site1.txt 1/5) 0.002
Creating processed files (_RSHB_2019_10_15_Product_List.txt 2/5) 0.003
Creating processed files (_RSHB_2019_11_11_Products_Deposits.txt 3/5) 0.0
Creating processed files (_RSHB_2019_12_16_Navigation.txt 4/5) 0.002
Creating processed files (_RSHB_2020_02_06_alfa_direct.txt 5/5) 0.004
Processing phone numbers (RSHB_Site1.txt 1/5) 0.016
Processing phone numbers (_RSHB_2019_10_15_Product_List.txt 2/5) 0.001
Processing phone numbers (_RSHB_2019_11_11_Products_Deposits.txt 3/5) 0.0
Processing phone numbers (_RSHB_2019_12_16_Navigation.txt 4/5) 0.001
Processing phone numbers (_RSHB_2020_02_06_alfa_direct.txt 5/5) 0.001
Processing times (RSHB_Site1.txt 1/5) 0.001
Processing times (_RSHB_2019_10_15_Product_List.txt 2/5) 0.001
Processing times (_RSHB_2019_11_11_Products_Deposits.txt 3/5) 0.0
Processing times (_RSHB_2019_12_16_Navigation.txt 4/5) 0.001
Processing times (_RSHB_2020_02_06_alfa_direct.txt 5/5) 0.001
Processing dates (RSHB_Site1.txt 1/5) 0.055
Processing dates (_RSHB_2019_10_15_Product_List.txt 2/5) 0.03
Processing dates (_RSHB_2019_11_11_Products_Deposits.txt 3/5) 0.003
Processing dates (_RSHB_2019_12_16_Navigation.txt 4/5) 0.05
Processing dates (_RSHB_2020_02_06_alfa_direct.txt 5/5) 0.052
Processing moneys (RSHB_Site1.txt 1/5) 0.001
Processing moneys (_RSHB_2019_10_15_Product_List.txt 2/5) 0.001
Processing moneys (_RSHB_2019_11_11_Products_Deposits.txt 3/5) 0.0
Processing moneys (_RSHB_2019_12_16_Navigation.txt 4/5) 0.001
Processing moneys (_RSHB_2020_02_06_alfa_direct.txt 5/5) 0.0
Processing fractions (RSHB_Site1.txt 1/5) 0.0
Processing fractions (_RSHB_2019_10_15_Product_List.txt 2/5) 0.001
Processing fractions (_RSHB_2019_11_11_Products_Deposits.txt 3/5) 0.0
Processing fractions (_RSHB_2019_12_16_Navigation.txt 4/5) 0.002
Processing fractions (_RSHB_2020_02_06_alfa_direct.txt 5/5) 0.001
Deleting links (RSHB_Site1.txt 1/5) 0.003
Deleting links (_RSHB_2019_10_15_Product_List.txt 2/5) 0.005
Deleting links (_RSHB_2019_11_11_Products_Deposits.txt 3/5) 0.001
Deleting links (_RSHB_2019_12_16_Navigation.txt 4/5) 0.012
Deleting links (_RSHB_2020_02_06_alfa_direct.txt 5/5) 0.004
Deleting whitespace dictionary words (RSHB_Site1.txt 1/5) 0.004
Deleting whitespace dictionary words (_RSHB_2019_10_15_Product_List.txt 2/5) 0.012
Deleting whitespace dictionary words (_RSHB_2019_11_11_Products_Deposits.txt 3/5) 0.001
Deleting whitespace dictionary words (_RSHB_2019_12_16_Navigation.txt 4/5) 0.026
Deleting whitespace dictionary words (_RSHB_2020_02_06_alfa_direct.txt 5/5) 0.02
Deleting single dictionary words (RSHB_Site1.txt 1/5) 0.002
Deleting single dictionary words (_RSHB_2019_10_15_Product_List.txt 2/5) 0.004
Deleting single dictionary words (_RSHB_2019_11_11_Products_Deposits.txt 3/5) 0.001
Deleting single dictionary words (_RSHB_2019_12_16_Navigation.txt 4/5) 0.008
Deleting single dictionary words (_RSHB_2020_02_06_alfa_direct.txt 5/5) 0.003
Processing numbers (RSHB_Site1.txt 1/5) 0.002
Processing numbers (_RSHB_2019_10_15_Product_List.txt 2/5) 0.001
Processing numbers (_RSHB_2019_11_11_Products_Deposits.txt 3/5) 0.0
Processing numbers (_RSHB_2019_12_16_Navigation.txt 4/5) 0.0
Processing numbers (_RSHB_2020_02_06_alfa_direct.txt 5/5) 0.001
Processing punctuation marks (RSHB_Site1.txt 1/5) 0.001
Processing punctuation marks (_RSHB_2019_10_15_Product_List.txt 2/5) 0.003
Processing punctuation marks (_RSHB_2019_11_11_Products_Deposits.txt 3/5) 0.0
Processing punctuation marks (_RSHB_2019_12_16_Navigation.txt 4/5) 0.006
Processing punctuation marks (_RSHB_2020_02_06_alfa_direct.txt 5/5) 0.003
Processing days of the week (RSHB_Site1.txt 1/5) 0.002
Processing days of the week (_RSHB_2019_10_15_Product_List.txt 2/5) 0.007
Processing days of the week (_RSHB_2019_11_11_Products_Deposits.txt 3/5) 0.001
Processing days of the week (_RSHB_2019_12_16_Navigation.txt 4/5) 0.005
Processing days of the week (_RSHB_2020_02_06_alfa_direct.txt 5/5) 0.004
Deleting initials (RSHB_Site1.txt 1/5) 0.001
Deleting initials (_RSHB_2019_10_15_Product_List.txt 2/5) 0.002
Deleting initials (_RSHB_2019_11_11_Products_Deposits.txt 3/5) 0.0
Deleting initials (_RSHB_2019_12_16_Navigation.txt 4/5) 0.003
Deleting initials (_RSHB_2020_02_06_alfa_direct.txt 5/5) 0.002
Searching abbreviations (RSHB_Site1.txt 1/5) 0.0
Searching abbreviations (_RSHB_2019_10_15_Product_List.txt 2/5) 0.007
Searching abbreviations (_RSHB_2019_11_11_Products_Deposits.txt 3/5) 0.0
Searching abbreviations (_RSHB_2019_12_16_Navigation.txt 4/5) 0.001
Searching abbreviations (_RSHB_2020_02_06_alfa_direct.txt 5/5) 0.0
Separating camel case words (RSHB_Site1.txt 1/5) 0.001
Separating camel case words (_RSHB_2019_10_15_Product_List.txt 2/5) 0.003
Separating camel case words (_RSHB_2019_11_11_Products_Deposits.txt 3/5) 0.001
Separating camel case words (_RSHB_2019_12_16_Navigation.txt 4/5) 0.003
Separating camel case words (_RSHB_2020_02_06_alfa_direct.txt 5/5) 0.006
Splitting files into sentences (RSHB_Site1.txt 1/5) 0.001
Splitting files into sentences (_RSHB_2019_10_15_Product_List.txt 2/5) 0.005
Splitting files into sentences (_RSHB_2019_11_11_Products_Deposits.txt 3/5) 0.0
Splitting files into sentences (_RSHB_2019_12_16_Navigation.txt 4/5) 0.027
Splitting files into sentences (_RSHB_2020_02_06_alfa_direct.txt 5/5) 0.004
Deleting extra spaces (RSHB_Site1.txt 1/5) 0.0
Deleting extra spaces (_RSHB_2019_10_15_Product_List.txt 2/5) 0.002
Deleting extra spaces (_RSHB_2019_11_11_Products_Deposits.txt 3/5) 0.0
Deleting extra spaces (_RSHB_2019_12_16_Navigation.txt 4/5) 0.01
Deleting extra spaces (_RSHB_2020_02_06_alfa_direct.txt 5/5) 0.002
Searching english text  (RSHB_Site1.txt 1/5) 0.0
Searching english text  (_RSHB_2019_10_15_Product_List.txt 2/5) 0.001
Searching english text  (_RSHB_2019_11_11_Products_Deposits.txt 3/5) 0.0
Searching english text  (_RSHB_2019_12_16_Navigation.txt 4/5) 0.005
Searching english text  (_RSHB_2020_02_06_alfa_direct.txt 5/5) 0.002
Processing acronyms (RSHB_Site1.txt 1/5) 0.001
Processing acronyms (_RSHB_2019_10_15_Product_List.txt 2/5) 0.002
Processing acronyms (_RSHB_2019_11_11_Products_Deposits.txt 3/5) 0.0
Processing acronyms (_RSHB_2019_12_16_Navigation.txt 4/5) 0.007
Processing acronyms (_RSHB_2020_02_06_alfa_direct.txt 5/5) 0.004
Creating a file with replacements (RSHB_Site1.txt 1/5) 0.005
Creating a file with replacements (_RSHB_2019_10_15_Product_List.txt 2/5) 0.001
Creating a file with replacements (_RSHB_2019_11_11_Products_Deposits.txt 3/5) 0.0
Creating a file with replacements (_RSHB_2019_12_16_Navigation.txt 4/5) 0.0
Creating a file with replacements (_RSHB_2020_02_06_alfa_direct.txt 5/5) 0.001
Creating processed files (RSHB_Site1.txt 1/5) 0.001
Creating processed files (_RSHB_2019_10_15_Product_List.txt 2/5) 0.003
Creating processed files (_RSHB_2019_11_11_Products_Deposits.txt 3/5) 0.0
Creating processed files (_RSHB_2019_12_16_Navigation.txt 4/5) 0.003
Creating processed files (_RSHB_2020_02_06_alfa_direct.txt 5/5) 0.003
