Processing phone numbers (Fractions.txt 1/4) 0.019
Processing phone numbers (InputFile_Mix.txt 2/4) 0.001
Processing phone numbers (InputFile_noDots.txt 3/4) 0.038
Processing phone numbers (Money.txt 4/4) 0.001
Processing times (Fractions.txt 1/4) 0.0
Processing times (InputFile_Mix.txt 2/4) 0.001
Processing times (InputFile_noDots.txt 3/4) 0.0
Processing times (Money.txt 4/4) 0.0
Processing dates (Fractions.txt 1/4) 0.016
Processing dates (InputFile_Mix.txt 2/4) 0.077
Processing dates (InputFile_noDots.txt 3/4) 0.082
Processing dates (Money.txt 4/4) 0.001
Processing moneys (Fractions.txt 1/4) 0.0
Processing moneys (InputFile_Mix.txt 2/4) 0.002
Processing moneys (InputFile_noDots.txt 3/4) 0.003
Processing moneys (Money.txt 4/4) 0.0
Processing fractions (Fractions.txt 1/4) 0.001
Processing fractions (InputFile_Mix.txt 2/4) 0.001
Processing fractions (InputFile_noDots.txt 3/4) 0.001
Processing fractions (Money.txt 4/4) 0.001
Deleting links (Fractions.txt 1/4) 0.001
Deleting links (InputFile_Mix.txt 2/4) 0.005
Deleting links (InputFile_noDots.txt 3/4) 0.004
Deleting links (Money.txt 4/4) 0.0
Processing numbers (Fractions.txt 1/4) 0.0
Processing numbers (InputFile_Mix.txt 2/4) 0.002
Processing numbers (InputFile_noDots.txt 3/4) 0.001
Processing numbers (Money.txt 4/4) 0.003
Processing numbers (Money.txt 4/4) 0.003 0.003
Deleting whitespace dictionary words (Fractions.txt 1/4) 0.002
Deleting whitespace dictionary words (InputFile_Mix.txt 2/4) 0.02
Deleting whitespace dictionary words (InputFile_noDots.txt 3/4) 0.019
Deleting whitespace dictionary words (Money.txt 4/4) 0.001
Deleting single dictionary words (Fractions.txt 1/4) 0.001
Deleting single dictionary words (InputFile_Mix.txt 2/4) 0.004
Deleting single dictionary words (InputFile_noDots.txt 3/4) 0.002
Deleting single dictionary words (Money.txt 4/4) 0.001
Processing punctuation marks (Fractions.txt 1/4) 0.0
Processing punctuation marks (InputFile_Mix.txt 2/4) 0.004
Processing punctuation marks (InputFile_noDots.txt 3/4) 0.003
Processing punctuation marks (Money.txt 4/4) 0.0
Processing days of the week (Fractions.txt 1/4) 0.001
Processing days of the week (InputFile_Mix.txt 2/4) 0.007
Processing days of the week (InputFile_noDots.txt 3/4) 0.003
Processing days of the week (Money.txt 4/4) 0.0
Deleting initials (Fractions.txt 1/4) 0.0
Deleting initials (InputFile_Mix.txt 2/4) 0.001
Deleting initials (InputFile_noDots.txt 3/4) 0.001
Deleting initials (Money.txt 4/4) 0.0
Searching abbreviations (Fractions.txt 1/4) 0.001
Searching abbreviations (InputFile_Mix.txt 2/4) 0.006
Searching abbreviations (InputFile_noDots.txt 3/4) 0.0
Searching abbreviations (Money.txt 4/4) 0.0
Separating camel case words (Fractions.txt 1/4) 0.0
Separating camel case words (InputFile_Mix.txt 2/4) 0.003
Separating camel case words (InputFile_noDots.txt 3/4) 0.004
Separating camel case words (Money.txt 4/4) 0.0
Splitting files into sentences (Fractions.txt 1/4) 0.001
Splitting files into sentences (InputFile_Mix.txt 2/4) 0.005
Splitting files into sentences (InputFile_noDots.txt 3/4) 0.005
Splitting files into sentences (Money.txt 4/4) 0.0
Deleting extra spaces (Fractions.txt 1/4) 0.0
Deleting extra spaces (InputFile_Mix.txt 2/4) 0.002
Deleting extra spaces (InputFile_noDots.txt 3/4) 0.002
Deleting extra spaces (Money.txt 4/4) 0.0
Searching english text  (Fractions.txt 1/4) 0.0
Searching english text  (InputFile_Mix.txt 2/4) 0.001
Searching english text  (InputFile_noDots.txt 3/4) 0.0
Searching english text  (Money.txt 4/4) 0.0
Processing acronyms (Fractions.txt 1/4) 0.0
Processing acronyms (InputFile_Mix.txt 2/4) 0.003
Processing acronyms (InputFile_noDots.txt 3/4) 0.003
Processing acronyms (Money.txt 4/4) 0.0
Creating a file with replacements (Fractions.txt 1/4) 0.0
Creating a file with replacements (InputFile_Mix.txt 2/4) 0.005
Creating a file with replacements (InputFile_noDots.txt 3/4) 0.002
Creating a file with replacements (Money.txt 4/4) 0.0
Creating processed files (Fractions.txt 1/4) 0.001
Creating processed files (InputFile_Mix.txt 2/4) 0.002
Creating processed files (InputFile_noDots.txt 3/4) 0.002
Creating processed files (Money.txt 4/4) 0.001
Processing phone numbers (Fractions.txt 1/4) 0.02
Processing phone numbers (InputFile_Mix.txt 2/4) 0.001
Processing phone numbers (InputFile_noDots.txt 3/4) 0.027
Processing phone numbers (Ordinals.txt 4/4) 0.0
Processing times (Fractions.txt 1/4) 0.0
Processing times (InputFile_Mix.txt 2/4) 0.001
Processing times (InputFile_noDots.txt 3/4) 0.0
Processing times (Ordinals.txt 4/4) 0.0
Processing dates (Fractions.txt 1/4) 0.017
Processing dates (InputFile_Mix.txt 2/4) 0.058
Processing dates (InputFile_noDots.txt 3/4) 0.063
Processing dates (Ordinals.txt 4/4) 0.001
Processing moneys (Fractions.txt 1/4) 0.001
Processing moneys (InputFile_Mix.txt 2/4) 0.001
Processing moneys (InputFile_noDots.txt 3/4) 0.002
Processing moneys (Ordinals.txt 4/4) 0.0
Processing fractions (Fractions.txt 1/4) 0.002
Processing fractions (InputFile_Mix.txt 2/4) 0.0
Processing fractions (InputFile_noDots.txt 3/4) 0.001
Processing fractions (Ordinals.txt 4/4) 0.0
Deleting links (Fractions.txt 1/4) 0.002
Deleting links (InputFile_Mix.txt 2/4) 0.005
Deleting links (InputFile_noDots.txt 3/4) 0.002
Deleting links (Ordinals.txt 4/4) 0.0
Processing numbers (Fractions.txt 1/4) 0.0
Processing numbers (InputFile_Mix.txt 2/4) 0.002
Processing numbers (InputFile_noDots.txt 3/4) 0.001
Processing numbers (Ordinals.txt 4/4) 0.004
Processing numbers (Ordinals.txt 4/4) 0.004 0.005
Deleting whitespace dictionary words (Fractions.txt 1/4) 0.002
Deleting whitespace dictionary words (InputFile_Mix.txt 2/4) 0.021
Deleting whitespace dictionary words (InputFile_noDots.txt 3/4) 0.016
Deleting whitespace dictionary words (Ordinals.txt 4/4) 0.0
Deleting single dictionary words (Fractions.txt 1/4) 0.0
Deleting single dictionary words (InputFile_Mix.txt 2/4) 0.006
Deleting single dictionary words (InputFile_noDots.txt 3/4) 0.003
Deleting single dictionary words (Ordinals.txt 4/4) 0.0
Processing punctuation marks (Fractions.txt 1/4) 0.0
Processing punctuation marks (InputFile_Mix.txt 2/4) 0.003
Processing punctuation marks (InputFile_noDots.txt 3/4) 0.002
Processing punctuation marks (Ordinals.txt 4/4) 0.0
Processing days of the week (Fractions.txt 1/4) 0.0
Processing days of the week (InputFile_Mix.txt 2/4) 0.008
Processing days of the week (InputFile_noDots.txt 3/4) 0.003
Processing days of the week (Ordinals.txt 4/4) 0.001
Deleting initials (Fractions.txt 1/4) 0.001
Deleting initials (InputFile_Mix.txt 2/4) 0.002
Deleting initials (InputFile_noDots.txt 3/4) 0.001
Deleting initials (Ordinals.txt 4/4) 0.0
Searching abbreviations (Fractions.txt 1/4) 0.0
Searching abbreviations (InputFile_Mix.txt 2/4) 0.008
Searching abbreviations (InputFile_noDots.txt 3/4) 0.0
Searching abbreviations (Ordinals.txt 4/4) 0.001
Separating camel case words (Fractions.txt 1/4) 0.0
Separating camel case words (InputFile_Mix.txt 2/4) 0.005
Separating camel case words (InputFile_noDots.txt 3/4) 0.004
Separating camel case words (Ordinals.txt 4/4) 0.0
Splitting files into sentences (Fractions.txt 1/4) 0.001
Splitting files into sentences (InputFile_Mix.txt 2/4) 0.004
Splitting files into sentences (InputFile_noDots.txt 3/4) 0.004
Splitting files into sentences (Ordinals.txt 4/4) 0.0
Deleting extra spaces (Fractions.txt 1/4) 0.0
Deleting extra spaces (InputFile_Mix.txt 2/4) 0.002
Deleting extra spaces (InputFile_noDots.txt 3/4) 0.002
Deleting extra spaces (Ordinals.txt 4/4) 0.0
Searching english text  (Fractions.txt 1/4) 0.0
Searching english text  (InputFile_Mix.txt 2/4) 0.001
Searching english text  (InputFile_noDots.txt 3/4) 0.001
Searching english text  (Ordinals.txt 4/4) 0.0
Processing acronyms (Fractions.txt 1/4) 0.001
Processing acronyms (InputFile_Mix.txt 2/4) 0.004
Processing acronyms (InputFile_noDots.txt 3/4) 0.003
Processing acronyms (Ordinals.txt 4/4) 0.0
Creating a file with replacements (Fractions.txt 1/4) 0.0
Creating a file with replacements (InputFile_Mix.txt 2/4) 0.006
Creating a file with replacements (InputFile_noDots.txt 3/4) 0.002
Creating a file with replacements (Ordinals.txt 4/4) 0.0
Creating processed files (Fractions.txt 1/4) 0.001
Creating processed files (InputFile_Mix.txt 2/4) 0.003
Creating processed files (InputFile_noDots.txt 3/4) 0.002
Creating processed files (Ordinals.txt 4/4) 0.0
Processing phone numbers (Fractions.txt 1/4) 0.019
Processing phone numbers (InputFile_Mix.txt 2/4) 0.001
Processing phone numbers (InputFile_noDots.txt 3/4) 0.029
Processing phone numbers (Ordinals.txt 4/4) 0.0
Processing times (Fractions.txt 1/4) 0.0
Processing times (InputFile_Mix.txt 2/4) 0.001
Processing times (InputFile_noDots.txt 3/4) 0.0
Processing times (Ordinals.txt 4/4) 0.001
Processing dates (Fractions.txt 1/4) 0.016
Processing dates (InputFile_Mix.txt 2/4) 0.063
Processing dates (InputFile_noDots.txt 3/4) 0.061
Processing dates (Ordinals.txt 4/4) 0.001
Processing moneys (Fractions.txt 1/4) 0.001
Processing moneys (InputFile_Mix.txt 2/4) 0.002
Processing moneys (InputFile_noDots.txt 3/4) 0.003
Processing moneys (Ordinals.txt 4/4) 0.0
Processing fractions (Fractions.txt 1/4) 0.002
Processing fractions (InputFile_Mix.txt 2/4) 0.001
Processing fractions (InputFile_noDots.txt 3/4) 0.002
Processing fractions (Ordinals.txt 4/4) 0.0
Deleting links (Fractions.txt 1/4) 0.002
Deleting links (InputFile_Mix.txt 2/4) 0.004
Deleting links (InputFile_noDots.txt 3/4) 0.004
Deleting links (Ordinals.txt 4/4) 0.0
Processing numbers (Fractions.txt 1/4) 0.0
Processing numbers (InputFile_Mix.txt 2/4) 0.001
Processing numbers (InputFile_noDots.txt 3/4) 0.0
Processing numbers (Ordinals.txt 4/4) 0.003
Processing numbers (Ordinals.txt 4/4) 0.003 0.003
Deleting whitespace dictionary words (Fractions.txt 1/4) 0.001
Deleting whitespace dictionary words (InputFile_Mix.txt 2/4) 0.021
Deleting whitespace dictionary words (InputFile_noDots.txt 3/4) 0.016
Deleting whitespace dictionary words (Ordinals.txt 4/4) 0.0
Deleting single dictionary words (Fractions.txt 1/4) 0.001
Deleting single dictionary words (InputFile_Mix.txt 2/4) 0.006
Deleting single dictionary words (InputFile_noDots.txt 3/4) 0.003
Deleting single dictionary words (Ordinals.txt 4/4) 0.0
Processing punctuation marks (Fractions.txt 1/4) 0.0
Processing punctuation marks (InputFile_Mix.txt 2/4) 0.002
Processing punctuation marks (InputFile_noDots.txt 3/4) 0.002
Processing punctuation marks (Ordinals.txt 4/4) 0.0
Processing days of the week (Fractions.txt 1/4) 0.001
Processing days of the week (InputFile_Mix.txt 2/4) 0.008
Processing days of the week (InputFile_noDots.txt 3/4) 0.003
Processing days of the week (Ordinals.txt 4/4) 0.0
Deleting initials (Fractions.txt 1/4) 0.0
Deleting initials (InputFile_Mix.txt 2/4) 0.002
Deleting initials (InputFile_noDots.txt 3/4) 0.002
Deleting initials (Ordinals.txt 4/4) 0.0
Searching abbreviations (Fractions.txt 1/4) 0.001
Searching abbreviations (InputFile_Mix.txt 2/4) 0.006
Searching abbreviations (InputFile_noDots.txt 3/4) 0.0
Searching abbreviations (Ordinals.txt 4/4) 0.0
Separating camel case words (Fractions.txt 1/4) 0.0
Separating camel case words (InputFile_Mix.txt 2/4) 0.004
Separating camel case words (InputFile_noDots.txt 3/4) 0.004
Separating camel case words (Ordinals.txt 4/4) 0.0
Splitting files into sentences (Fractions.txt 1/4) 0.001
Splitting files into sentences (InputFile_Mix.txt 2/4) 0.003
Splitting files into sentences (InputFile_noDots.txt 3/4) 0.003
Splitting files into sentences (Ordinals.txt 4/4) 0.0
Deleting extra spaces (Fractions.txt 1/4) 0.001
Deleting extra spaces (InputFile_Mix.txt 2/4) 0.002
Deleting extra spaces (InputFile_noDots.txt 3/4) 0.002
Deleting extra spaces (Ordinals.txt 4/4) 0.0
Searching english text  (Fractions.txt 1/4) 0.0
Searching english text  (InputFile_Mix.txt 2/4) 0.001
Searching english text  (InputFile_noDots.txt 3/4) 0.001
Searching english text  (Ordinals.txt 4/4) 0.0
Processing acronyms (Fractions.txt 1/4) 0.0
Processing acronyms (InputFile_Mix.txt 2/4) 0.004
Processing acronyms (InputFile_noDots.txt 3/4) 0.004
Processing acronyms (Ordinals.txt 4/4) 0.0
Creating a file with replacements (Fractions.txt 1/4) 0.0
Creating a file with replacements (InputFile_Mix.txt 2/4) 0.005
Creating a file with replacements (InputFile_noDots.txt 3/4) 0.001
Creating a file with replacements (Ordinals.txt 4/4) 0.001
Creating processed files (Fractions.txt 1/4) 0.002
Creating processed files (InputFile_Mix.txt 2/4) 0.003
Creating processed files (InputFile_noDots.txt 3/4) 0.002
Creating processed files (Ordinals.txt 4/4) 0.001
Processing phone numbers (Fractions.txt 1/4) 0.015
Processing phone numbers (InputFile_Mix.txt 2/4) 0.001
Processing phone numbers (InputFile_noDots.txt 3/4) 0.032
Processing phone numbers (Ordinals.txt 4/4) 0.0
Processing times (Fractions.txt 1/4) 0.0
Processing times (InputFile_Mix.txt 2/4) 0.001
Processing times (InputFile_noDots.txt 3/4) 0.0
Processing times (Ordinals.txt 4/4) 0.0
Processing dates (Fractions.txt 1/4) 0.018
Processing dates (InputFile_Mix.txt 2/4) 0.056
Processing dates (InputFile_noDots.txt 3/4) 0.052
Processing dates (Ordinals.txt 4/4) 0.001
Processing moneys (Fractions.txt 1/4) 0.001
Processing moneys (InputFile_Mix.txt 2/4) 0.002
Processing moneys (InputFile_noDots.txt 3/4) 0.004
Processing moneys (Ordinals.txt 4/4) 0.0
Processing fractions (Fractions.txt 1/4) 0.002
Processing fractions (InputFile_Mix.txt 2/4) 0.0
Processing fractions (InputFile_noDots.txt 3/4) 0.001
Processing fractions (Ordinals.txt 4/4) 0.0
Deleting links (Fractions.txt 1/4) 0.002
Deleting links (InputFile_Mix.txt 2/4) 0.003
Deleting links (InputFile_noDots.txt 3/4) 0.002
Deleting links (Ordinals.txt 4/4) 0.0
Processing numbers (Fractions.txt 1/4) 0.0
Processing numbers (InputFile_Mix.txt 2/4) 0.001
Processing numbers (InputFile_noDots.txt 3/4) 0.001
Processing numbers (Ordinals.txt 4/4) 0.004
Processing numbers (Ordinals.txt 4/4) 0.004 0.004
Deleting whitespace dictionary words (Fractions.txt 1/4) 0.004
Deleting whitespace dictionary words (InputFile_Mix.txt 2/4) 0.048
Deleting whitespace dictionary words (InputFile_noDots.txt 3/4) 0.023
Deleting whitespace dictionary words (Ordinals.txt 4/4) 0.001
Deleting single dictionary words (Fractions.txt 1/4) 0.0
Deleting single dictionary words (InputFile_Mix.txt 2/4) 0.007
Deleting single dictionary words (InputFile_noDots.txt 3/4) 0.003
Deleting single dictionary words (Ordinals.txt 4/4) 0.001
Processing punctuation marks (Fractions.txt 1/4) 0.001
Processing punctuation marks (InputFile_Mix.txt 2/4) 0.003
Processing punctuation marks (InputFile_noDots.txt 3/4) 0.002
Processing punctuation marks (Ordinals.txt 4/4) 0.0
Processing days of the week (Fractions.txt 1/4) 0.001
Processing days of the week (InputFile_Mix.txt 2/4) 0.013
Processing days of the week (InputFile_noDots.txt 3/4) 0.009
Processing days of the week (Ordinals.txt 4/4) 0.001
Deleting initials (Fractions.txt 1/4) 0.001
Deleting initials (InputFile_Mix.txt 2/4) 0.003
Deleting initials (InputFile_noDots.txt 3/4) 0.004
Deleting initials (Ordinals.txt 4/4) 0.0
Searching abbreviations (Fractions.txt 1/4) 0.0
Searching abbreviations (InputFile_Mix.txt 2/4) 0.008
Searching abbreviations (InputFile_noDots.txt 3/4) 0.0
Searching abbreviations (Ordinals.txt 4/4) 0.0
Separating camel case words (Fractions.txt 1/4) 0.0
Separating camel case words (InputFile_Mix.txt 2/4) 0.005
Separating camel case words (InputFile_noDots.txt 3/4) 0.005
Separating camel case words (Ordinals.txt 4/4) 0.0
Splitting files into sentences (Fractions.txt 1/4) 0.001
Splitting files into sentences (InputFile_Mix.txt 2/4) 0.008
Splitting files into sentences (InputFile_noDots.txt 3/4) 0.004
Splitting files into sentences (Ordinals.txt 4/4) 0.0
Deleting extra spaces (Fractions.txt 1/4) 0.0
Deleting extra spaces (InputFile_Mix.txt 2/4) 0.002
Deleting extra spaces (InputFile_noDots.txt 3/4) 0.001
Deleting extra spaces (Ordinals.txt 4/4) 0.0
Searching english text  (Fractions.txt 1/4) 0.001
Searching english text  (InputFile_Mix.txt 2/4) 0.001
Searching english text  (InputFile_noDots.txt 3/4) 0.001
Searching english text  (Ordinals.txt 4/4) 0.0
Processing acronyms (Fractions.txt 1/4) 0.0
Processing acronyms (InputFile_Mix.txt 2/4) 0.002
Processing acronyms (InputFile_noDots.txt 3/4) 0.002
Processing acronyms (Ordinals.txt 4/4) 0.001
Creating a file with replacements (Fractions.txt 1/4) 0.0
Creating a file with replacements (InputFile_Mix.txt 2/4) 0.006
Creating a file with replacements (InputFile_noDots.txt 3/4) 0.002
Creating a file with replacements (Ordinals.txt 4/4) 0.0
Creating processed files (Fractions.txt 1/4) 0.001
Creating processed files (InputFile_Mix.txt 2/4) 0.003
Creating processed files (InputFile_noDots.txt 3/4) 0.002
Creating processed files (Ordinals.txt 4/4) 0.001
Processing phone numbers (Fractions.txt 1/4) 0.024
Processing phone numbers (InputFile_Mix.txt 2/4) 0.002
Processing phone numbers (InputFile_noDots.txt 3/4) 0.035
Processing phone numbers (Ordinals.txt 4/4) 0.0
Processing times (Fractions.txt 1/4) 0.0
Processing times (InputFile_Mix.txt 2/4) 0.001
Processing times (InputFile_noDots.txt 3/4) 0.001
Processing times (Ordinals.txt 4/4) 0.0
Processing dates (Fractions.txt 1/4) 0.019
Processing dates (InputFile_Mix.txt 2/4) 0.066
Processing dates (InputFile_noDots.txt 3/4) 0.061
Processing dates (Ordinals.txt 4/4) 0.002
Processing moneys (Fractions.txt 1/4) 0.001
Processing moneys (InputFile_Mix.txt 2/4) 0.002
Processing moneys (InputFile_noDots.txt 3/4) 0.004
Processing moneys (Ordinals.txt 4/4) 0.0
Processing fractions (Fractions.txt 1/4) 0.002
Processing fractions (InputFile_Mix.txt 2/4) 0.001
Processing fractions (InputFile_noDots.txt 3/4) 0.0
Processing fractions (Ordinals.txt 4/4) 0.0
Deleting links (Fractions.txt 1/4) 0.001
Deleting links (InputFile_Mix.txt 2/4) 0.004
Deleting links (InputFile_noDots.txt 3/4) 0.003
Deleting links (Ordinals.txt 4/4) 0.001
Processing numbers (Fractions.txt 1/4) 0.0
Processing numbers (InputFile_Mix.txt 2/4) 0.002
Processing numbers (InputFile_noDots.txt 3/4) 0.0
Processing numbers (Ordinals.txt 4/4) 0.005
Processing numbers (Ordinals.txt 4/4) 0.005 0.005
Deleting whitespace dictionary words (Fractions.txt 1/4) 0.003
Deleting whitespace dictionary words (InputFile_Mix.txt 2/4) 0.025
Deleting whitespace dictionary words (InputFile_noDots.txt 3/4) 0.02
Deleting whitespace dictionary words (Ordinals.txt 4/4) 0.001
Deleting single dictionary words (Fractions.txt 1/4) 0.001
Deleting single dictionary words (InputFile_Mix.txt 2/4) 0.005
Deleting single dictionary words (InputFile_noDots.txt 3/4) 0.003
Deleting single dictionary words (Ordinals.txt 4/4) 0.0
Processing punctuation marks (Fractions.txt 1/4) 0.0
Processing punctuation marks (InputFile_Mix.txt 2/4) 0.002
Processing punctuation marks (InputFile_noDots.txt 3/4) 0.003
Processing punctuation marks (Ordinals.txt 4/4) 0.0
Processing days of the week (Fractions.txt 1/4) 0.001
Processing days of the week (InputFile_Mix.txt 2/4) 0.007
Processing days of the week (InputFile_noDots.txt 3/4) 0.002
Processing days of the week (Ordinals.txt 4/4) 0.001
Deleting initials (Fractions.txt 1/4) 0.0
Deleting initials (InputFile_Mix.txt 2/4) 0.002
Deleting initials (InputFile_noDots.txt 3/4) 0.001
Deleting initials (Ordinals.txt 4/4) 0.0
Searching abbreviations (Fractions.txt 1/4) 0.0
Searching abbreviations (InputFile_Mix.txt 2/4) 0.007
Searching abbreviations (InputFile_noDots.txt 3/4) 0.0
Searching abbreviations (Ordinals.txt 4/4) 0.0
Separating camel case words (Fractions.txt 1/4) 0.0
Separating camel case words (InputFile_Mix.txt 2/4) 0.004
Separating camel case words (InputFile_noDots.txt 3/4) 0.005
Separating camel case words (Ordinals.txt 4/4) 0.0
Splitting files into sentences (Fractions.txt 1/4) 0.001
Splitting files into sentences (InputFile_Mix.txt 2/4) 0.005
Splitting files into sentences (InputFile_noDots.txt 3/4) 0.004
Splitting files into sentences (Ordinals.txt 4/4) 0.0
Deleting extra spaces (Fractions.txt 1/4) 0.0
Deleting extra spaces (InputFile_Mix.txt 2/4) 0.002
Deleting extra spaces (InputFile_noDots.txt 3/4) 0.002
Deleting extra spaces (Ordinals.txt 4/4) 0.0
Searching english text  (Fractions.txt 1/4) 0.0
Searching english text  (InputFile_Mix.txt 2/4) 0.001
Searching english text  (InputFile_noDots.txt 3/4) 0.001
Searching english text  (Ordinals.txt 4/4) 0.0
Processing acronyms (Fractions.txt 1/4) 0.0
Processing acronyms (InputFile_Mix.txt 2/4) 0.003
Processing acronyms (InputFile_noDots.txt 3/4) 0.003
Processing acronyms (Ordinals.txt 4/4) 0.0
Creating a file with replacements (Fractions.txt 1/4) 0.0
Creating a file with replacements (InputFile_Mix.txt 2/4) 0.004
Creating a file with replacements (InputFile_noDots.txt 3/4) 0.001
Creating a file with replacements (Ordinals.txt 4/4) 0.0
Creating processed files (Fractions.txt 1/4) 0.001
Creating processed files (InputFile_Mix.txt 2/4) 0.002
Creating processed files (InputFile_noDots.txt 3/4) 0.002
Creating processed files (Ordinals.txt 4/4) 0.001
