Processing phone numbers (InputFile_Mix.txt 1/2) 0.021
Processing phone numbers (InputFile_noDots.txt 2/2) 0.027
Processing times (InputFile_Mix.txt 1/2) 0.001
Processing times (InputFile_noDots.txt 2/2) 0.001
Processing dates (InputFile_Mix.txt 1/2) 0.08
Processing dates (InputFile_noDots.txt 2/2) 0.07
Processing moneys (InputFile_Mix.txt 1/2) 0.002
Processing moneys (InputFile_noDots.txt 2/2) 0.003
Processing fractions (InputFile_Mix.txt 1/2) 0.0
Processing fractions (InputFile_noDots.txt 2/2) 0.0
Deleting links (InputFile_Mix.txt 1/2) 0.004
Deleting links (InputFile_noDots.txt 2/2) 0.002
Processing numbers (InputFile_Mix.txt 1/2) 0.002
Processing numbers (InputFile_noDots.txt 2/2) 0.001
Deleting whitespace dictionary words (InputFile_Mix.txt 1/2) 0.023
Deleting whitespace dictionary words (InputFile_noDots.txt 2/2) 0.018
Deleting single dictionary words (InputFile_Mix.txt 1/2) 0.006
Deleting single dictionary words (InputFile_noDots.txt 2/2) 0.003
Processing punctuation marks (InputFile_Mix.txt 1/2) 0.002
Processing punctuation marks (InputFile_noDots.txt 2/2) 0.002
Processing days of the week (InputFile_Mix.txt 1/2) 0.005
Processing days of the week (InputFile_noDots.txt 2/2) 0.005
Deleting initials (InputFile_Mix.txt 1/2) 0.001
Deleting initials (InputFile_noDots.txt 2/2) 0.001
Searching abbreviations (InputFile_Mix.txt 1/2) 0.004
Searching abbreviations (InputFile_noDots.txt 2/2) 0.001
Separating camel case words (InputFile_Mix.txt 1/2) 0.003
Separating camel case words (InputFile_noDots.txt 2/2) 0.004
Splitting files into sentences (InputFile_Mix.txt 1/2) 0.004
Splitting files into sentences (InputFile_noDots.txt 2/2) 0.003
Deleting extra spaces (InputFile_Mix.txt 1/2) 0.002
Deleting extra spaces (InputFile_noDots.txt 2/2) 0.001
Searching english text  (InputFile_Mix.txt 1/2) 0.001
Searching english text  (InputFile_noDots.txt 2/2) 0.0
Processing acronyms (InputFile_Mix.txt 1/2) 0.004
Processing acronyms (InputFile_noDots.txt 2/2) 0.003
Creating a file with replacements (InputFile_Mix.txt 1/2) 0.006
Creating a file with replacements (InputFile_noDots.txt 2/2) 0.002
Processing phone numbers (InputFile_Mix.txt 1/2) 0.019
Processing phone numbers (InputFile_noDots.txt 2/2) 0.034
Processing times (InputFile_Mix.txt 1/2) 0.001
Processing times (InputFile_noDots.txt 2/2) 0.001
Processing dates (InputFile_Mix.txt 1/2) 0.082
Processing dates (InputFile_noDots.txt 2/2) 0.061
Processing moneys (InputFile_Mix.txt 1/2) 0.0
Processing moneys (InputFile_noDots.txt 2/2) 0.0
Processing fractions (InputFile_Mix.txt 1/2) 0.0
Processing fractions (InputFile_noDots.txt 2/2) 0.009
Deleting links (InputFile_Mix.txt 1/2) 0.0
Deleting links (InputFile_noDots.txt 2/2) 0.0
Processing numbers (InputFile_Mix.txt 1/2) 0.01
Processing numbers (InputFile_noDots.txt 2/2) 0.0
Deleting whitespace dictionary words (InputFile_Mix.txt 1/2) 0.03
Deleting whitespace dictionary words (InputFile_noDots.txt 2/2) 0.02
Deleting single dictionary words (InputFile_Mix.txt 1/2) 0.0
Deleting single dictionary words (InputFile_noDots.txt 2/2) 0.0
Processing punctuation marks (InputFile_Mix.txt 1/2) 0.0
Processing punctuation marks (InputFile_noDots.txt 2/2) 0.0
Processing days of the week (InputFile_Mix.txt 1/2) 0.01
Processing days of the week (InputFile_noDots.txt 2/2) 0.0
Deleting initials (InputFile_Mix.txt 1/2) 0.0
Deleting initials (InputFile_noDots.txt 2/2) 0.0
Searching abbreviations (InputFile_Mix.txt 1/2) 0.0
Searching abbreviations (InputFile_noDots.txt 2/2) 0.0
Separating camel case words (InputFile_Mix.txt 1/2) 0.0
Separating camel case words (InputFile_noDots.txt 2/2) 0.0
Splitting files into sentences (InputFile_Mix.txt 1/2) 0.0
Splitting files into sentences (InputFile_noDots.txt 2/2) 0.0
Deleting extra spaces (InputFile_Mix.txt 1/2) 0.01
Deleting extra spaces (InputFile_noDots.txt 2/2) 0.0
Searching english text  (InputFile_Mix.txt 1/2) 0.0
Searching english text  (InputFile_noDots.txt 2/2) 0.0
Processing acronyms (InputFile_Mix.txt 1/2) 0.0
Processing acronyms (InputFile_noDots.txt 2/2) 0.01
Creating a file with replacements (InputFile_Mix.txt 1/2) 0.0
Creating a file with replacements (InputFile_noDots.txt 2/2) 0.01
Creating processed files (InputFile_Mix.txt 1/2) 0.02
Creating processed files (InputFile_noDots.txt 2/2) 0.0
Processing phone numbers (InputFile_Mix.txt 1/2) 0.02
Processing phone numbers (InputFile_noDots.txt 2/2) 0.026
Processing times (InputFile_Mix.txt 1/2) 0.001
Processing times (InputFile_noDots.txt 2/2) 0.0
Processing dates (InputFile_Mix.txt 1/2) 0.07
Processing dates (InputFile_noDots.txt 2/2) 0.084
Processing moneys (InputFile_Mix.txt 1/2) 0.002
Processing moneys (InputFile_noDots.txt 2/2) 0.005
Processing fractions (InputFile_Mix.txt 1/2) 0.001
Processing fractions (InputFile_noDots.txt 2/2) 0.001
Deleting links (InputFile_Mix.txt 1/2) 0.004
Deleting links (InputFile_noDots.txt 2/2) 0.002
Processing numbers (InputFile_Mix.txt 1/2) 0.002
Processing numbers (InputFile_noDots.txt 2/2) 0.001
Deleting whitespace dictionary words (InputFile_Mix.txt 1/2) 0.03
Deleting whitespace dictionary words (InputFile_noDots.txt 2/2) 0.017
Deleting single dictionary words (InputFile_Mix.txt 1/2) 0.005
Deleting single dictionary words (InputFile_noDots.txt 2/2) 0.002
Processing punctuation marks (InputFile_Mix.txt 1/2) 0.003
Processing punctuation marks (InputFile_noDots.txt 2/2) 0.003
Processing days of the week (InputFile_Mix.txt 1/2) 0.008
Processing days of the week (InputFile_noDots.txt 2/2) 0.002
Deleting initials (InputFile_Mix.txt 1/2) 0.003
Deleting initials (InputFile_noDots.txt 2/2) 0.001
Searching abbreviations (InputFile_Mix.txt 1/2) 0.006
Searching abbreviations (InputFile_noDots.txt 2/2) 0.001
Separating camel case words (InputFile_Mix.txt 1/2) 0.003
Separating camel case words (InputFile_noDots.txt 2/2) 0.004
Splitting files into sentences (InputFile_Mix.txt 1/2) 0.004
Splitting files into sentences (InputFile_noDots.txt 2/2) 0.002
Deleting extra spaces (InputFile_Mix.txt 1/2) 0.002
Deleting extra spaces (InputFile_noDots.txt 2/2) 0.001
Searching english text  (InputFile_Mix.txt 1/2) 0.001
Searching english text  (InputFile_noDots.txt 2/2) 0.001
Processing acronyms (InputFile_Mix.txt 1/2) 0.003
Processing acronyms (InputFile_noDots.txt 2/2) 0.002
Creating a file with replacements (InputFile_Mix.txt 1/2) 0.006
Creating a file with replacements (InputFile_noDots.txt 2/2) 0.003
Creating processed files (InputFile_Mix.txt 1/2) 0.005
Creating processed files (InputFile_noDots.txt 2/2) 0.002
Processing phone numbers (InputFile_Mix.txt 1/2) 0.019
Processing phone numbers (InputFile_noDots.txt 2/2) 0.021
Processing times (InputFile_Mix.txt 1/2) 0.0
Processing times (InputFile_noDots.txt 2/2) 0.0
Processing dates (InputFile_Mix.txt 1/2) 0.073
Processing dates (InputFile_noDots.txt 2/2) 0.061
Processing moneys (InputFile_Mix.txt 1/2) 0.002
Processing moneys (InputFile_noDots.txt 2/2) 0.003
Processing fractions (InputFile_Mix.txt 1/2) 0.0
Processing fractions (InputFile_noDots.txt 2/2) 0.001
Deleting links (InputFile_Mix.txt 1/2) 0.004
Deleting links (InputFile_noDots.txt 2/2) 0.002
Processing numbers (InputFile_Mix.txt 1/2) 0.001
Processing numbers (InputFile_noDots.txt 2/2) 0.001
Deleting whitespace dictionary words (InputFile_Mix.txt 1/2) 0.043
Deleting whitespace dictionary words (InputFile_noDots.txt 2/2) 0.021
Deleting single dictionary words (InputFile_Mix.txt 1/2) 0.008
Deleting single dictionary words (InputFile_noDots.txt 2/2) 0.003
Processing punctuation marks (InputFile_Mix.txt 1/2) 0.002
Processing punctuation marks (InputFile_noDots.txt 2/2) 0.002
Processing days of the week (InputFile_Mix.txt 1/2) 0.009
Processing days of the week (InputFile_noDots.txt 2/2) 0.01
Deleting initials (InputFile_Mix.txt 1/2) 0.003
Deleting initials (InputFile_noDots.txt 2/2) 0.004
Searching abbreviations (InputFile_Mix.txt 1/2) 0.005
Searching abbreviations (InputFile_noDots.txt 2/2) 0.0
Separating camel case words (InputFile_Mix.txt 1/2) 0.003
Separating camel case words (InputFile_noDots.txt 2/2) 0.005
Splitting files into sentences (InputFile_Mix.txt 1/2) 0.004
Splitting files into sentences (InputFile_noDots.txt 2/2) 0.003
Deleting extra spaces (InputFile_Mix.txt 1/2) 0.002
Deleting extra spaces (InputFile_noDots.txt 2/2) 0.001
Searching english text  (InputFile_Mix.txt 1/2) 0.0
Searching english text  (InputFile_noDots.txt 2/2) 0.001
Processing acronyms (InputFile_Mix.txt 1/2) 0.003
Processing acronyms (InputFile_noDots.txt 2/2) 0.003
Creating a file with replacements (InputFile_Mix.txt 1/2) 0.005
Creating a file with replacements (InputFile_noDots.txt 2/2) 0.002
Creating processed files (InputFile_Mix.txt 1/2) 0.003
Creating processed files (InputFile_noDots.txt 2/2) 0.002
